DB:2021/10/23 06:33:56 syslog.go:99: ===================================== SetLogger ===============================================
ElasticSearch: 2021/10/23 06:33:56.512388 Argument: concurrency: 1
ElasticSearch: 2021/10/23 06:33:56.512412 Argument: showsql: 0
ElasticSearch: 2021/10/23 06:33:56.512415 Argument: debug: 0
ElasticSearch: 2021/10/23 06:33:56.512419 Argument: graph: Movies
ElasticSearch: 2021/10/23 06:33:56.512421 Argument: reduced logging: 1
DB: 2021/10/23 06:33:57.098624 BatchUpdate[0]: Elapsed: 21.997641ms, Stmts: 1  rowcount: [1]  MergeRetry: 0 retry: false
ElasticSearch: 2021/10/23 06:33:57.119064 Execute query
ElasticSearch: 2021/10/23 06:33:57.119089 runid: 57
main:2021/10/23 06:33:57.119123 errlogger: Powering up...
main:2021/10/23 06:33:57.119140 grmgr: waiting for gr monitor to start
main:2021/10/23 06:33:57.119146 grmgr: Fully powered up...
main:2021/10/23 06:33:57.119151 grmgr: gr monitor Powering up...
ElasticSearch: 2021/10/23 06:33:57.119166 All services started. Proceed with attach processing
TypesDB: 2021/10/23 06:33:57.140940 db.loadTypeShortNames 
types: 2021/10/23 06:33:57.187406 ==== TypeC.AttrTy
types: 2021/10/23 06:33:57.187435 initial_release_date#Film   shortName: R
types: 2021/10/23 06:33:57.187467 netflix#Film   shortName: Nf
types: 2021/10/23 06:33:57.187475 revenue#Film   shortName: Rv
types: 2021/10/23 06:33:57.187482 performance.character#Performance   shortName: C
types: 2021/10/23 06:33:57.187489 name#Person   shortName: N
types: 2021/10/23 06:33:57.187495 film.director#Film   shortName: D
types: 2021/10/23 06:33:57.187502 title#Film   shortName: N
types: 2021/10/23 06:33:57.187509 performance.actor#Performance   shortName: A
types: 2021/10/23 06:33:57.187515 actor.performance#Person   shortName: A
types: 2021/10/23 06:33:57.187520 name#Character   shortName: N
types: 2021/10/23 06:33:57.187527 film.genre#Film   shortName: G
types: 2021/10/23 06:33:57.187533 director.film#Person   shortName: D
types: 2021/10/23 06:33:57.187539 film.performance#Film   shortName: P
types: 2021/10/23 06:33:57.187545 name#Genre   shortName: N
types: 2021/10/23 06:33:57.187551 performance.film#Performance   shortName: F
types: 2021/10/23 06:33:57.187558 ==== TypeC.TyC
types: 2021/10/23 06:33:57.187580 Performance       block.TyAttrD{Name:"performance.actor", DT:"Nd", C:"A", Ty:"Person", P:"A", N:false, Pg:false, IncP:[]string(nil), Ix:"na", Card:"1:1"}
types: 2021/10/23 06:33:57.187593 Performance       block.TyAttrD{Name:"performance.character", DT:"Nd", C:"C", Ty:"Character", P:"A", N:false, Pg:false, IncP:[]string(nil), Ix:"na", Card:"1:1"}
types: 2021/10/23 06:33:57.187603 Performance       block.TyAttrD{Name:"performance.film", DT:"Nd", C:"F", Ty:"Film", P:"A", N:false, Pg:false, IncP:[]string(nil), Ix:"na", Card:"1:1"}
types: 2021/10/23 06:33:57.187614 Person       block.TyAttrD{Name:"actor.performance", DT:"Nd", C:"A", Ty:"Performance", P:"A", N:false, Pg:false, IncP:[]string(nil), Ix:"na", Card:"1:N"}
types: 2021/10/23 06:33:57.187626 Person       block.TyAttrD{Name:"director.film", DT:"Nd", C:"D", Ty:"Film", P:"A", N:false, Pg:false, IncP:[]string(nil), Ix:"na", Card:"1:N"}
types: 2021/10/23 06:33:57.187636 Person       block.TyAttrD{Name:"name", DT:"S", C:"N", Ty:"", P:"A", N:false, Pg:true, IncP:[]string(nil), Ix:"na", Card:""}
types: 2021/10/23 06:33:57.187646 Character       block.TyAttrD{Name:"name", DT:"S", C:"N", Ty:"", P:"A", N:false, Pg:true, IncP:[]string(nil), Ix:"na", Card:""}
types: 2021/10/23 06:33:57.187657 Film       block.TyAttrD{Name:"film.director", DT:"Nd", C:"D", Ty:"Person", P:"A", N:false, Pg:true, IncP:[]string(nil), Ix:"na", Card:"1:N"}
types: 2021/10/23 06:33:57.187668 Film       block.TyAttrD{Name:"film.genre", DT:"Nd", C:"G", Ty:"Genre", P:"A", N:false, Pg:true, IncP:[]string(nil), Ix:"na", Card:"1:N"}
types: 2021/10/23 06:33:57.187680 Film       block.TyAttrD{Name:"film.performance", DT:"Nd", C:"P", Ty:"Performance", P:"A", N:false, Pg:false, IncP:[]string(nil), Ix:"na", Card:"1:N"}
types: 2021/10/23 06:33:57.187689 Film       block.TyAttrD{Name:"initial_release_date", DT:"S", C:"R", Ty:"", P:"A", N:true, Pg:true, IncP:[]string(nil), Ix:"na", Card:""}
types: 2021/10/23 06:33:57.187708 Film       block.TyAttrD{Name:"netflix", DT:"I", C:"Nf", Ty:"", P:"A", N:true, Pg:false, IncP:[]string(nil), Ix:"na", Card:""}
types: 2021/10/23 06:33:57.187714 Film       block.TyAttrD{Name:"revenue", DT:"F", C:"Rv", Ty:"", P:"A", N:true, Pg:true, IncP:[]string(nil), Ix:"na", Card:""}
types: 2021/10/23 06:33:57.187719 Film       block.TyAttrD{Name:"title", DT:"S", C:"N", Ty:"", P:"A", N:false, Pg:true, IncP:[]string(nil), Ix:"FT", Card:""}
types: 2021/10/23 06:33:57.187725 Genre       block.TyAttrD{Name:"name", DT:"S", C:"N", Ty:"", P:"A", N:false, Pg:true, IncP:[]string(nil), Ix:"na", Card:""}
types: 2021/10/23 06:33:57.187728 ==== TypeC.TyAttrC
types: 2021/10/23 06:33:57.187734 Person:director.film       block.TyAttrD{Name:"director.film", DT:"Nd", C:"D", Ty:"Film", P:"A", N:false, Pg:false, IncP:[]string(nil), Ix:"na", Card:"1:N"}
types: 2021/10/23 06:33:57.187740 P:director.film       block.TyAttrD{Name:"director.film", DT:"Nd", C:"D", Ty:"Film", P:"A", N:false, Pg:false, IncP:[]string(nil), Ix:"na", Card:"1:N"}
types: 2021/10/23 06:33:57.187746 Fm:netflix       block.TyAttrD{Name:"netflix", DT:"I", C:"Nf", Ty:"", P:"A", N:true, Pg:false, IncP:[]string(nil), Ix:"na", Card:""}
types: 2021/10/23 06:33:57.187753 Performance:performance.character       block.TyAttrD{Name:"performance.character", DT:"Nd", C:"C", Ty:"Character", P:"A", N:false, Pg:false, IncP:[]string(nil), Ix:"na", Card:"1:1"}
types: 2021/10/23 06:33:57.187759 Film:film.performance       block.TyAttrD{Name:"film.performance", DT:"Nd", C:"P", Ty:"Performance", P:"A", N:false, Pg:false, IncP:[]string(nil), Ix:"na", Card:"1:N"}
types: 2021/10/23 06:33:57.187764 Film:title       block.TyAttrD{Name:"title", DT:"S", C:"N", Ty:"", P:"A", N:false, Pg:true, IncP:[]string(nil), Ix:"FT", Card:""}
types: 2021/10/23 06:33:57.187770 Pf:performance.character       block.TyAttrD{Name:"performance.character", DT:"Nd", C:"C", Ty:"Character", P:"A", N:false, Pg:false, IncP:[]string(nil), Ix:"na", Card:"1:1"}
types: 2021/10/23 06:33:57.187775 Person:actor.performance       block.TyAttrD{Name:"actor.performance", DT:"Nd", C:"A", Ty:"Performance", P:"A", N:false, Pg:false, IncP:[]string(nil), Ix:"na", Card:"1:N"}
types: 2021/10/23 06:33:57.187781 Ch:name       block.TyAttrD{Name:"name", DT:"S", C:"N", Ty:"", P:"A", N:false, Pg:true, IncP:[]string(nil), Ix:"na", Card:""}
types: 2021/10/23 06:33:57.187786 Fm:film.director       block.TyAttrD{Name:"film.director", DT:"Nd", C:"D", Ty:"Person", P:"A", N:false, Pg:true, IncP:[]string(nil), Ix:"na", Card:"1:N"}
types: 2021/10/23 06:33:57.187792 Fm:film.genre       block.TyAttrD{Name:"film.genre", DT:"Nd", C:"G", Ty:"Genre", P:"A", N:false, Pg:true, IncP:[]string(nil), Ix:"na", Card:"1:N"}
types: 2021/10/23 06:33:57.187797 Fm:revenue       block.TyAttrD{Name:"revenue", DT:"F", C:"Rv", Ty:"", P:"A", N:true, Pg:true, IncP:[]string(nil), Ix:"na", Card:""}
types: 2021/10/23 06:33:57.187802 Fm:title       block.TyAttrD{Name:"title", DT:"S", C:"N", Ty:"", P:"A", N:false, Pg:true, IncP:[]string(nil), Ix:"FT", Card:""}
types: 2021/10/23 06:33:57.187828 Film:film.genre       block.TyAttrD{Name:"film.genre", DT:"Nd", C:"G", Ty:"Genre", P:"A", N:false, Pg:true, IncP:[]string(nil), Ix:"na", Card:"1:N"}
types: 2021/10/23 06:33:57.187835 Fm:film.performance       block.TyAttrD{Name:"film.performance", DT:"Nd", C:"P", Ty:"Performance", P:"A", N:false, Pg:false, IncP:[]string(nil), Ix:"na", Card:"1:N"}
types: 2021/10/23 06:33:57.187842 Film:netflix       block.TyAttrD{Name:"netflix", DT:"I", C:"Nf", Ty:"", P:"A", N:true, Pg:false, IncP:[]string(nil), Ix:"na", Card:""}
types: 2021/10/23 06:33:57.187851 Film:revenue       block.TyAttrD{Name:"revenue", DT:"F", C:"Rv", Ty:"", P:"A", N:true, Pg:true, IncP:[]string(nil), Ix:"na", Card:""}
types: 2021/10/23 06:33:57.187894 Film:film.director       block.TyAttrD{Name:"film.director", DT:"Nd", C:"D", Ty:"Person", P:"A", N:false, Pg:true, IncP:[]string(nil), Ix:"na", Card:"1:N"}
types: 2021/10/23 06:33:57.187905 Film:initial_release_date       block.TyAttrD{Name:"initial_release_date", DT:"S", C:"R", Ty:"", P:"A", N:true, Pg:true, IncP:[]string(nil), Ix:"na", Card:""}
types: 2021/10/23 06:33:57.187922 Person:name       block.TyAttrD{Name:"name", DT:"S", C:"N", Ty:"", P:"A", N:false, Pg:true, IncP:[]string(nil), Ix:"na", Card:""}
types: 2021/10/23 06:33:57.187932 Ge:name       block.TyAttrD{Name:"name", DT:"S", C:"N", Ty:"", P:"A", N:false, Pg:true, IncP:[]string(nil), Ix:"na", Card:""}
types: 2021/10/23 06:33:57.187941 P:actor.performance       block.TyAttrD{Name:"actor.performance", DT:"Nd", C:"A", Ty:"Performance", P:"A", N:false, Pg:false, IncP:[]string(nil), Ix:"na", Card:"1:N"}
types: 2021/10/23 06:33:57.187952 Pf:performance.actor       block.TyAttrD{Name:"performance.actor", DT:"Nd", C:"A", Ty:"Person", P:"A", N:false, Pg:false, IncP:[]string(nil), Ix:"na", Card:"1:1"}
types: 2021/10/23 06:33:57.187964 P:name       block.TyAttrD{Name:"name", DT:"S", C:"N", Ty:"", P:"A", N:false, Pg:true, IncP:[]string(nil), Ix:"na", Card:""}
types: 2021/10/23 06:33:57.187974 Character:name       block.TyAttrD{Name:"name", DT:"S", C:"N", Ty:"", P:"A", N:false, Pg:true, IncP:[]string(nil), Ix:"na", Card:""}
types: 2021/10/23 06:33:57.187984 Fm:initial_release_date       block.TyAttrD{Name:"initial_release_date", DT:"S", C:"R", Ty:"", P:"A", N:true, Pg:true, IncP:[]string(nil), Ix:"na", Card:""}
types: 2021/10/23 06:33:57.188005 Performance:performance.actor       block.TyAttrD{Name:"performance.actor", DT:"Nd", C:"A", Ty:"Person", P:"A", N:false, Pg:false, IncP:[]string(nil), Ix:"na", Card:"1:1"}
types: 2021/10/23 06:33:57.188016 Pf:performance.film       block.TyAttrD{Name:"performance.film", DT:"Nd", C:"F", Ty:"Film", P:"A", N:false, Pg:false, IncP:[]string(nil), Ix:"na", Card:"1:1"}
types: 2021/10/23 06:33:57.188026 Genre:name       block.TyAttrD{Name:"name", DT:"S", C:"N", Ty:"", P:"A", N:false, Pg:true, IncP:[]string(nil), Ix:"na", Card:""}
types: 2021/10/23 06:33:57.188037 Performance:performance.film       block.TyAttrD{Name:"performance.film", DT:"Nd", C:"F", Ty:"Film", P:"A", N:false, Pg:false, IncP:[]string(nil), Ix:"na", Card:"1:1"}
ElasticSearch: 2021/10/23 06:33:57.188059 esAttr: map[string]string{"Fm":"A#A#:N"}
DB:2021/10/23 06:33:57.188101 ScanForESitems for type "Fm"
DPDB:2021/10/23 06:33:57.270042 Unprocessed records for type "Fm": 5
DB: 2021/10/23 06:33:57.270091 v: &db.Rec{PKey:[]uint8{0x0, 0x18, 0x7c, 0x53, 0x30, 0xbf, 0x4b, 0x56, 0x9c, 0x96, 0xe6, 0xee, 0xa9, 0x31, 0x4c, 0x3b}, Ty:"Fm", IxValue:"m|title", Value:"Dollar for the Dead"}
DB: 2021/10/23 06:33:57.270107 v: &db.Rec{PKey:[]uint8{0x0, 0x27, 0xa2, 0xe6, 0xdb, 0xe4, 0x48, 0xbc, 0x82, 0xb, 0xf6, 0x98, 0xbb, 0x12, 0xcd, 0x46}, Ty:"Fm", IxValue:"m|title", Value:"Fugitive Nights: Danger in the Desert"}
ElasticSearch: 2021/10/23 06:33:57.270127 doc: &main.Doc{Attr:"m|title", Value:"Dollar for the Dead", PKey:"00187c53-30bf-4b56-9c96-e6eea9314c3b", SortK:"A#A#:N", Type:"Fm"}
ElasticSearch: 2021/10/23 06:33:57.270151 doc: &main.Doc{Attr:"m|title", Value:"Fugitive Nights: Danger in the Desert", PKey:"0027a2e6-dbe4-48bc-820b-f698bb12cd46", SortK:"A#A#:N", Type:"Fm"}
ElasticSearch: 2021/10/23 06:33:57.270205 Body: {"attr" : "m|title","value" : "Dollar for the Dead","sortk" : "A#A#:N","type" : "m.Fm"}   Doc: 00187c53-30bf-4b56-9c96-e6eea9314c3b|m|title
