DB:2021/10/23 06:30:24 syslog.go:99: ===================================== SetLogger ===============================================
ElasticSearch: 2021/10/23 06:30:24.650980 Argument: concurrency: 1
ElasticSearch: 2021/10/23 06:30:24.650998 Argument: showsql: 0
ElasticSearch: 2021/10/23 06:30:24.651001 Argument: debug: 0
ElasticSearch: 2021/10/23 06:30:24.651004 Argument: graph: Movies
ElasticSearch: 2021/10/23 06:30:24.651007 Argument: reduced logging: 1
ElasticSearch: 2021/10/23 06:30:25.280043 Execute query
ElasticSearch: 2021/10/23 06:30:25.280102 runid: 56
main:2021/10/23 06:30:25.280138 errlogger: Powering up...
main:2021/10/23 06:30:25.280177 grmgr: waiting for gr monitor to start
main:2021/10/23 06:30:25.280183 grmgr: Fully powered up...
main:2021/10/23 06:30:25.280188 grmgr: gr monitor Powering up...
ElasticSearch: 2021/10/23 06:30:25.280203 All services started. Proceed with attach processing
TypesDB: 2021/10/23 06:30:25.299846 db.loadTypeShortNames 
types: 2021/10/23 06:30:25.358309 ==== TypeC.AttrTy
types: 2021/10/23 06:30:25.358335 actor.performance#Person   shortName: A
types: 2021/10/23 06:30:25.358340 name#Person   shortName: N
types: 2021/10/23 06:30:25.358345 revenue#Film   shortName: Rv
types: 2021/10/23 06:30:25.358350 director.film#Person   shortName: D
types: 2021/10/23 06:30:25.358354 film.genre#Film   shortName: G
types: 2021/10/23 06:30:25.358358 initial_release_date#Film   shortName: R
types: 2021/10/23 06:30:25.358362 performance.actor#Performance   shortName: A
types: 2021/10/23 06:30:25.358366 film.director#Film   shortName: D
types: 2021/10/23 06:30:25.358370 title#Film   shortName: N
types: 2021/10/23 06:30:25.358375 performance.film#Performance   shortName: F
types: 2021/10/23 06:30:25.358379 name#Character   shortName: N
types: 2021/10/23 06:30:25.358383 film.performance#Film   shortName: P
types: 2021/10/23 06:30:25.358388 netflix#Film   shortName: Nf
types: 2021/10/23 06:30:25.358392 name#Genre   shortName: N
types: 2021/10/23 06:30:25.358397 performance.character#Performance   shortName: C
types: 2021/10/23 06:30:25.358401 ==== TypeC.TyC
types: 2021/10/23 06:30:25.358421 Genre       block.TyAttrD{Name:"name", DT:"S", C:"N", Ty:"", P:"A", N:false, Pg:true, IncP:[]string(nil), Ix:"na", Card:""}
types: 2021/10/23 06:30:25.358431 Performance       block.TyAttrD{Name:"performance.actor", DT:"Nd", C:"A", Ty:"Person", P:"A", N:false, Pg:false, IncP:[]string(nil), Ix:"na", Card:"1:1"}
types: 2021/10/23 06:30:25.358462 Performance       block.TyAttrD{Name:"performance.character", DT:"Nd", C:"C", Ty:"Character", P:"A", N:false, Pg:false, IncP:[]string(nil), Ix:"na", Card:"1:1"}
types: 2021/10/23 06:30:25.358474 Performance       block.TyAttrD{Name:"performance.film", DT:"Nd", C:"F", Ty:"Film", P:"A", N:false, Pg:false, IncP:[]string(nil), Ix:"na", Card:"1:1"}
types: 2021/10/23 06:30:25.358482 Person       block.TyAttrD{Name:"actor.performance", DT:"Nd", C:"A", Ty:"Performance", P:"A", N:false, Pg:false, IncP:[]string(nil), Ix:"na", Card:"1:N"}
types: 2021/10/23 06:30:25.358490 Person       block.TyAttrD{Name:"director.film", DT:"Nd", C:"D", Ty:"Film", P:"A", N:false, Pg:false, IncP:[]string(nil), Ix:"na", Card:"1:N"}
types: 2021/10/23 06:30:25.358498 Person       block.TyAttrD{Name:"name", DT:"S", C:"N", Ty:"", P:"A", N:false, Pg:true, IncP:[]string(nil), Ix:"na", Card:""}
types: 2021/10/23 06:30:25.358506 Character       block.TyAttrD{Name:"name", DT:"S", C:"N", Ty:"", P:"A", N:false, Pg:true, IncP:[]string(nil), Ix:"na", Card:""}
types: 2021/10/23 06:30:25.358514 Film       block.TyAttrD{Name:"film.director", DT:"Nd", C:"D", Ty:"Person", P:"A", N:false, Pg:true, IncP:[]string(nil), Ix:"na", Card:"1:N"}
types: 2021/10/23 06:30:25.358522 Film       block.TyAttrD{Name:"film.genre", DT:"Nd", C:"G", Ty:"Genre", P:"A", N:false, Pg:true, IncP:[]string(nil), Ix:"na", Card:"1:N"}
types: 2021/10/23 06:30:25.358530 Film       block.TyAttrD{Name:"film.performance", DT:"Nd", C:"P", Ty:"Performance", P:"A", N:false, Pg:false, IncP:[]string(nil), Ix:"na", Card:"1:N"}
types: 2021/10/23 06:30:25.358538 Film       block.TyAttrD{Name:"initial_release_date", DT:"S", C:"R", Ty:"", P:"A", N:true, Pg:true, IncP:[]string(nil), Ix:"na", Card:""}
types: 2021/10/23 06:30:25.358560 Film       block.TyAttrD{Name:"netflix", DT:"I", C:"Nf", Ty:"", P:"A", N:true, Pg:false, IncP:[]string(nil), Ix:"na", Card:""}
types: 2021/10/23 06:30:25.358568 Film       block.TyAttrD{Name:"revenue", DT:"F", C:"Rv", Ty:"", P:"A", N:true, Pg:true, IncP:[]string(nil), Ix:"na", Card:""}
types: 2021/10/23 06:30:25.358576 Film       block.TyAttrD{Name:"title", DT:"S", C:"N", Ty:"", P:"A", N:false, Pg:true, IncP:[]string(nil), Ix:"FT", Card:""}
types: 2021/10/23 06:30:25.358579 ==== TypeC.TyAttrC
types: 2021/10/23 06:30:25.358587 Character:name       block.TyAttrD{Name:"name", DT:"S", C:"N", Ty:"", P:"A", N:false, Pg:true, IncP:[]string(nil), Ix:"na", Card:""}
types: 2021/10/23 06:30:25.358595 Fm:film.director       block.TyAttrD{Name:"film.director", DT:"Nd", C:"D", Ty:"Person", P:"A", N:false, Pg:true, IncP:[]string(nil), Ix:"na", Card:"1:N"}
types: 2021/10/23 06:30:25.358603 Fm:title       block.TyAttrD{Name:"title", DT:"S", C:"N", Ty:"", P:"A", N:false, Pg:true, IncP:[]string(nil), Ix:"FT", Card:""}
types: 2021/10/23 06:30:25.358611 Performance:performance.film       block.TyAttrD{Name:"performance.film", DT:"Nd", C:"F", Ty:"Film", P:"A", N:false, Pg:false, IncP:[]string(nil), Ix:"na", Card:"1:1"}
types: 2021/10/23 06:30:25.358670 Performance:performance.character       block.TyAttrD{Name:"performance.character", DT:"Nd", C:"C", Ty:"Character", P:"A", N:false, Pg:false, IncP:[]string(nil), Ix:"na", Card:"1:1"}
types: 2021/10/23 06:30:25.358700 Person:director.film       block.TyAttrD{Name:"director.film", DT:"Nd", C:"D", Ty:"Film", P:"A", N:false, Pg:false, IncP:[]string(nil), Ix:"na", Card:"1:N"}
types: 2021/10/23 06:30:25.358711 P:director.film       block.TyAttrD{Name:"director.film", DT:"Nd", C:"D", Ty:"Film", P:"A", N:false, Pg:false, IncP:[]string(nil), Ix:"na", Card:"1:N"}
types: 2021/10/23 06:30:25.358719 Ch:name       block.TyAttrD{Name:"name", DT:"S", C:"N", Ty:"", P:"A", N:false, Pg:true, IncP:[]string(nil), Ix:"na", Card:""}
types: 2021/10/23 06:30:25.358727 Film:film.genre       block.TyAttrD{Name:"film.genre", DT:"Nd", C:"G", Ty:"Genre", P:"A", N:false, Pg:true, IncP:[]string(nil), Ix:"na", Card:"1:N"}
types: 2021/10/23 06:30:25.358735 Genre:name       block.TyAttrD{Name:"name", DT:"S", C:"N", Ty:"", P:"A", N:false, Pg:true, IncP:[]string(nil), Ix:"na", Card:""}
types: 2021/10/23 06:30:25.358742 Film:netflix       block.TyAttrD{Name:"netflix", DT:"I", C:"Nf", Ty:"", P:"A", N:true, Pg:false, IncP:[]string(nil), Ix:"na", Card:""}
types: 2021/10/23 06:30:25.358748 Film:revenue       block.TyAttrD{Name:"revenue", DT:"F", C:"Rv", Ty:"", P:"A", N:true, Pg:true, IncP:[]string(nil), Ix:"na", Card:""}
types: 2021/10/23 06:30:25.358755 Person:name       block.TyAttrD{Name:"name", DT:"S", C:"N", Ty:"", P:"A", N:false, Pg:true, IncP:[]string(nil), Ix:"na", Card:""}
types: 2021/10/23 06:30:25.358762 Film:film.director       block.TyAttrD{Name:"film.director", DT:"Nd", C:"D", Ty:"Person", P:"A", N:false, Pg:true, IncP:[]string(nil), Ix:"na", Card:"1:N"}
types: 2021/10/23 06:30:25.358769 Fm:revenue       block.TyAttrD{Name:"revenue", DT:"F", C:"Rv", Ty:"", P:"A", N:true, Pg:true, IncP:[]string(nil), Ix:"na", Card:""}
types: 2021/10/23 06:30:25.358778 Pf:performance.film       block.TyAttrD{Name:"performance.film", DT:"Nd", C:"F", Ty:"Film", P:"A", N:false, Pg:false, IncP:[]string(nil), Ix:"na", Card:"1:1"}
types: 2021/10/23 06:30:25.358786 Film:initial_release_date       block.TyAttrD{Name:"initial_release_date", DT:"S", C:"R", Ty:"", P:"A", N:true, Pg:true, IncP:[]string(nil), Ix:"na", Card:""}
types: 2021/10/23 06:30:25.358794 Fm:initial_release_date       block.TyAttrD{Name:"initial_release_date", DT:"S", C:"R", Ty:"", P:"A", N:true, Pg:true, IncP:[]string(nil), Ix:"na", Card:""}
types: 2021/10/23 06:30:25.358803 Pf:performance.actor       block.TyAttrD{Name:"performance.actor", DT:"Nd", C:"A", Ty:"Person", P:"A", N:false, Pg:false, IncP:[]string(nil), Ix:"na", Card:"1:1"}
types: 2021/10/23 06:30:25.358824 Film:film.performance       block.TyAttrD{Name:"film.performance", DT:"Nd", C:"P", Ty:"Performance", P:"A", N:false, Pg:false, IncP:[]string(nil), Ix:"na", Card:"1:N"}
types: 2021/10/23 06:30:25.358833 Fm:film.performance       block.TyAttrD{Name:"film.performance", DT:"Nd", C:"P", Ty:"Performance", P:"A", N:false, Pg:false, IncP:[]string(nil), Ix:"na", Card:"1:N"}
types: 2021/10/23 06:30:25.358841 Fm:netflix       block.TyAttrD{Name:"netflix", DT:"I", C:"Nf", Ty:"", P:"A", N:true, Pg:false, IncP:[]string(nil), Ix:"na", Card:""}
types: 2021/10/23 06:30:25.358864 Performance:performance.actor       block.TyAttrD{Name:"performance.actor", DT:"Nd", C:"A", Ty:"Person", P:"A", N:false, Pg:false, IncP:[]string(nil), Ix:"na", Card:"1:1"}
types: 2021/10/23 06:30:25.358882 Person:actor.performance       block.TyAttrD{Name:"actor.performance", DT:"Nd", C:"A", Ty:"Performance", P:"A", N:false, Pg:false, IncP:[]string(nil), Ix:"na", Card:"1:N"}
types: 2021/10/23 06:30:25.358894 Ge:name       block.TyAttrD{Name:"name", DT:"S", C:"N", Ty:"", P:"A", N:false, Pg:true, IncP:[]string(nil), Ix:"na", Card:""}
types: 2021/10/23 06:30:25.358903 Pf:performance.character       block.TyAttrD{Name:"performance.character", DT:"Nd", C:"C", Ty:"Character", P:"A", N:false, Pg:false, IncP:[]string(nil), Ix:"na", Card:"1:1"}
types: 2021/10/23 06:30:25.358914 P:actor.performance       block.TyAttrD{Name:"actor.performance", DT:"Nd", C:"A", Ty:"Performance", P:"A", N:false, Pg:false, IncP:[]string(nil), Ix:"na", Card:"1:N"}
types: 2021/10/23 06:30:25.358922 P:name       block.TyAttrD{Name:"name", DT:"S", C:"N", Ty:"", P:"A", N:false, Pg:true, IncP:[]string(nil), Ix:"na", Card:""}
types: 2021/10/23 06:30:25.358930 Fm:film.genre       block.TyAttrD{Name:"film.genre", DT:"Nd", C:"G", Ty:"Genre", P:"A", N:false, Pg:true, IncP:[]string(nil), Ix:"na", Card:"1:N"}
types: 2021/10/23 06:30:25.358939 Film:title       block.TyAttrD{Name:"title", DT:"S", C:"N", Ty:"", P:"A", N:false, Pg:true, IncP:[]string(nil), Ix:"FT", Card:""}
ElasticSearch: 2021/10/23 06:30:25.358953 esAttr: map[string]string{}
ElasticSearch: 2021/10/23 06:30:25.359031  ==================== ERRORS : 0	==============
main:2021/10/23 06:30:25.359075 grmgr: Waiting for snap to shutdown...
main:2021/10/23 06:30:25.359088 errlogger: Powering down...
main:2021/10/23 06:30:25.359098 grmgr: gr monitor shutdown.
grmgr: 2021/10/23 06:30:25.359107 Number of map entries not deleted: 1 1 1 
grmgr: 2021/10/23 06:30:25.359119 rLimit Map Entry: es
grmgr: 2021/10/23 06:30:25.359126 rCnt Map Entry: es
grmgr: 2021/10/23 06:30:25.359192 rWait Map Entry: es
main:2021/10/23 06:30:25.359199 grmgr: Powering down...
ElasticSearch: 2021/10/23 06:30:26.360188 Exit.....Duration: 1.08007005s
