DB:2021/09/14 22:57:52 log.go:90: ===================================== SetLogger ===============================================
gql: 2021/09/14 22:57:52.930739 Startup...
gql: 2021/09/14 22:57:52.930797 services started 
DB: 2021/09/14 22:57:52.947410 FetchNode: DMTcMOLmRzerT832sFeJVQ== subKey: A#G#  Elapsed - Query: 40.49µs  Fetch: 12.10186ms  Overall: 12.14913ms  RowCount: 2 3
DB: 2021/09/14 22:57:52.959085 FetchNode: rDGmYnjoSGqzYmHCTzJiew== subKey: A#G#  Elapsed - Query: 38.99µs  Fetch: 11.54855ms  Overall: 11.58927ms  RowCount: 9 10
DB: 2021/09/14 22:57:52.992364 Tag  DMTcMOLmRzerT832sFeJVQ==   Mutations: 10
DB: 2021/09/14 22:57:52.992399 [DMTcMOLmRzerT832sFeJVQ==]Stmt:  0 sql: update EOP set Nd=ARRAY_CONCAT(Nd,@Nd),ASZ=ASZ+@ASZ,XF=ARRAY_CONCAT(XF,@XF),Id=ARRAY_CONCAT(Id,@Id) where PKey = @PKey and SortK = @SortK
DB: 2021/09/14 22:57:52.992425 [DMTcMOLmRzerT832sFeJVQ==]Params:  map[string]interface {}{"ASZ":1, "Id":[]int{1}, "Nd":[][]uint8{[]uint8{0x5e, 0xd9, 0x14, 0xbd, 0x6a, 0x8e, 0x4e, 0xe, 0xa4, 0xc4, 0x98, 0x31, 0xff, 0xc3, 0xf1, 0x83}}, "PKey":[]uint8{0xc, 0xc4, 0xdc, 0x30, 0xe2, 0xe6, 0x47, 0x37, 0xab, 0x4f, 0xcd, 0xf6, 0xb0, 0x57, 0x89, 0x55}, "SortK":"A#G#:A#G#:C", "XF":[]int64{0}}
DB: 2021/09/14 22:57:52.992432 [DMTcMOLmRzerT832sFeJVQ==]Stmt:  1 sql: update EOP set LS=ARRAY_CONCAT(LS,@LS),XBl=ARRAY_CONCAT(XBl,@XBl) where PKey = @PKey and SortK = @SortK
DB: 2021/09/14 22:57:52.992442 [DMTcMOLmRzerT832sFeJVQ==]Params:  map[string]interface {}{"LS":[]string{"Adm. Randolph"}, "PKey":[]uint8{0xc, 0xc4, 0xdc, 0x30, 0xe2, 0xe6, 0x47, 0x37, 0xab, 0x4f, 0xcd, 0xf6, 0xb0, 0x57, 0x89, 0x55}, "SortK":"A#G#:A#G#:C#:N", "XBl":[]bool{false}}
DB: 2021/09/14 22:57:52.992445 [DMTcMOLmRzerT832sFeJVQ==]Stmt:  2 sql: update EOP set Nd=ARRAY_CONCAT(Nd,@Nd),ASZ=ASZ+@ASZ,XF=ARRAY_CONCAT(XF,@XF),Id=ARRAY_CONCAT(Id,@Id) where PKey = @PKey and SortK = @SortK
DB: 2021/09/14 22:57:52.992460 [DMTcMOLmRzerT832sFeJVQ==]Params:  map[string]interface {}{"ASZ":1, "Id":[]int{1}, "Nd":[][]uint8{[]uint8{0xc, 0xc4, 0xdc, 0x30, 0xe2, 0xe6, 0x47, 0x37, 0xab, 0x4f, 0xcd, 0xf6, 0xb0, 0x57, 0x89, 0x55}}, "PKey":[]uint8{0xc, 0xc4, 0xdc, 0x30, 0xe2, 0xe6, 0x47, 0x37, 0xab, 0x4f, 0xcd, 0xf6, 0xb0, 0x57, 0x89, 0x55}, "SortK":"A#G#:A#G#:A", "XF":[]int64{0}}
DB: 2021/09/14 22:57:52.992463 [DMTcMOLmRzerT832sFeJVQ==]Stmt:  3 sql: update EOP set LS=ARRAY_CONCAT(LS,@LS),XBl=ARRAY_CONCAT(XBl,@XBl) where PKey = @PKey and SortK = @SortK
DB: 2021/09/14 22:57:52.992474 [DMTcMOLmRzerT832sFeJVQ==]Params:  map[string]interface {}{"LS":[]string{"Robert O'Neil"}, "PKey":[]uint8{0xc, 0xc4, 0xdc, 0x30, 0xe2, 0xe6, 0x47, 0x37, 0xab, 0x4f, 0xcd, 0xf6, 0xb0, 0x57, 0x89, 0x55}, "SortK":"A#G#:A#G#:A#:N", "XBl":[]bool{false}}
DB: 2021/09/14 22:57:52.992479 [DMTcMOLmRzerT832sFeJVQ==]Stmt:  4 sql: update EOP set Nd=ARRAY_CONCAT(Nd,@Nd),ASZ=ASZ+@ASZ,XF=ARRAY_CONCAT(XF,@XF),Id=ARRAY_CONCAT(Id,@Id) where PKey = @PKey and SortK = @SortK
DB: 2021/09/14 22:57:52.992495 [DMTcMOLmRzerT832sFeJVQ==]Params:  map[string]interface {}{"ASZ":1, "Id":[]int{1}, "Nd":[][]uint8{[]uint8{0xf9, 0x5c, 0x5, 0x2b, 0x51, 0xfc, 0x48, 0x5, 0x9c, 0xb5, 0xd, 0x94, 0xb7, 0xb2, 0x77, 0x3a}}, "PKey":[]uint8{0xc, 0xc4, 0xdc, 0x30, 0xe2, 0xe6, 0x47, 0x37, 0xab, 0x4f, 0xcd, 0xf6, 0xb0, 0x57, 0x89, 0x55}, "SortK":"A#G#:A#G#:F", "XF":[]int64{0}}
DB: 2021/09/14 22:57:52.992498 [DMTcMOLmRzerT832sFeJVQ==]Stmt:  5 sql: update EOP set LS=ARRAY_CONCAT(LS,@LS),XBl=ARRAY_CONCAT(XBl,@XBl) where PKey = @PKey and SortK = @SortK
DB: 2021/09/14 22:57:52.992510 [DMTcMOLmRzerT832sFeJVQ==]Params:  map[string]interface {}{"LS":[]string{"Dr. Strangelove or: How I Learned to Stop Worrying and Love the Bomb"}, "PKey":[]uint8{0xc, 0xc4, 0xdc, 0x30, 0xe2, 0xe6, 0x47, 0x37, 0xab, 0x4f, 0xcd, 0xf6, 0xb0, 0x57, 0x89, 0x55}, "SortK":"A#G#:A#G#:F#:N", "XBl":[]bool{false}}
DB: 2021/09/14 22:57:52.992513 [DMTcMOLmRzerT832sFeJVQ==]Stmt:  6 sql: update EOP set LS=ARRAY_CONCAT(LS,@LS),XBl=ARRAY_CONCAT(XBl,@XBl) where PKey = @PKey and SortK = @SortK
DB: 2021/09/14 22:57:52.992524 [DMTcMOLmRzerT832sFeJVQ==]Params:  map[string]interface {}{"LS":[]string{"1964-01-29T00:00:00Z"}, "PKey":[]uint8{0xc, 0xc4, 0xdc, 0x30, 0xe2, 0xe6, 0x47, 0x37, 0xab, 0x4f, 0xcd, 0xf6, 0xb0, 0x57, 0x89, 0x55}, "SortK":"A#G#:A#G#:F#:R", "XBl":[]bool{false}}
DB: 2021/09/14 22:57:52.992543 [DMTcMOLmRzerT832sFeJVQ==]Stmt:  7 sql: update EOP set LI=ARRAY_CONCAT(LI,@LI),XBl=ARRAY_CONCAT(XBl,@XBl) where PKey = @PKey and SortK = @SortK
DB: 2021/09/14 22:57:52.992555 [DMTcMOLmRzerT832sFeJVQ==]Params:  map[string]interface {}{"LI":[]int64{0}, "PKey":[]uint8{0xc, 0xc4, 0xdc, 0x30, 0xe2, 0xe6, 0x47, 0x37, 0xab, 0x4f, 0xcd, 0xf6, 0xb0, 0x57, 0x89, 0x55}, "SortK":"A#G#:A#G#:F#:Nf", "XBl":[]bool{true}}
DB: 2021/09/14 22:57:52.992558 [DMTcMOLmRzerT832sFeJVQ==]Stmt:  8 sql: update EOP set LF=ARRAY_CONCAT(LF,@LF),XBl=ARRAY_CONCAT(XBl,@XBl) where PKey = @PKey and SortK = @SortK
DB: 2021/09/14 22:57:52.992576 [DMTcMOLmRzerT832sFeJVQ==]Params:  map[string]interface {}{"LF":[]float64{0}, "PKey":[]uint8{0xc, 0xc4, 0xdc, 0x30, 0xe2, 0xe6, 0x47, 0x37, 0xab, 0x4f, 0xcd, 0xf6, 0xb0, 0x57, 0x89, 0x55}, "SortK":"A#G#:A#G#:F#:Rv", "XBl":[]bool{true}}
DB: 2021/09/14 22:57:52.992580 [DMTcMOLmRzerT832sFeJVQ==]Stmt:  9 sql: update Block set IX=@IX where PKey = @PKey
DB: 2021/09/14 22:57:52.992589 [DMTcMOLmRzerT832sFeJVQ==]Params:  map[string]interface {}{"IX":"Y", "PKey":[]uint8{0xc, 0xc4, 0xdc, 0x30, 0xe2, 0xe6, 0x47, 0x37, 0xab, 0x4f, 0xcd, 0xf6, 0xb0, 0x57, 0x89, 0x55}}
DB: 2021/09/14 22:57:53.096177 BatchUpdate: Elapsed: 103.54297ms, Stmts: 10  [0 0 0 0 0 0 0 0 0 1]  MergeRetry: 10
DB: 2021/09/14 22:57:53.185412 BatchUpdate: Elapsed: 89.175971ms, Stmts: 9  [1 1 1 1 1 1 1 1 1]  MergeRetry: 0
DB: 2021/09/14 22:57:53.198923 FetchNode: Hkx7jMJuRf+3KBSbx14Lug== subKey: A#G#  Elapsed - Query: 33.02µs  Fetch: 12.45331ms  Overall: 12.49961ms  RowCount: 2 3
DB: 2021/09/14 22:57:53.209098 FetchNode: lVynRFKcSUC9anuj2iKbyA== subKey: A#G#  Elapsed - Query: 34.88µs  Fetch: 10.02521ms  Overall: 10.06251ms  RowCount: 9 10
DB: 2021/09/14 22:57:53.232332 Tag  Hkx7jMJuRf+3KBSbx14Lug==   Mutations: 10
DB: 2021/09/14 22:57:53.232361 [Hkx7jMJuRf+3KBSbx14Lug==]Stmt:  0 sql: update EOP set Nd=ARRAY_CONCAT(Nd,@Nd),ASZ=ASZ+@ASZ,XF=ARRAY_CONCAT(XF,@XF),Id=ARRAY_CONCAT(Id,@Id) where PKey = @PKey and SortK = @SortK
DB: 2021/09/14 22:57:53.232379 [Hkx7jMJuRf+3KBSbx14Lug==]Params:  map[string]interface {}{"ASZ":1, "Id":[]int{1}, "Nd":[][]uint8{[]uint8{0xc5, 0x62, 0x43, 0x29, 0xde, 0x14, 0x43, 0x8e, 0x85, 0xe1, 0xfd, 0xee, 0xa, 0xd4, 0x0, 0x36}}, "PKey":[]uint8{0x1e, 0x4c, 0x7b, 0x8c, 0xc2, 0x6e, 0x45, 0xff, 0xb7, 0x28, 0x14, 0x9b, 0xc7, 0x5e, 0xb, 0xba}, "SortK":"A#G#:A#G#:C", "XF":[]int64{0}}
DB: 2021/09/14 22:57:53.232382 [Hkx7jMJuRf+3KBSbx14Lug==]Stmt:  1 sql: update EOP set LS=ARRAY_CONCAT(LS,@LS),XBl=ARRAY_CONCAT(XBl,@XBl) where PKey = @PKey and SortK = @SortK
DB: 2021/09/14 22:57:53.232390 [Hkx7jMJuRf+3KBSbx14Lug==]Params:  map[string]interface {}{"LS":[]string{"Alexi de Sadesky"}, "PKey":[]uint8{0x1e, 0x4c, 0x7b, 0x8c, 0xc2, 0x6e, 0x45, 0xff, 0xb7, 0x28, 0x14, 0x9b, 0xc7, 0x5e, 0xb, 0xba}, "SortK":"A#G#:A#G#:C#:N", "XBl":[]bool{false}}
DB: 2021/09/14 22:57:53.232392 [Hkx7jMJuRf+3KBSbx14Lug==]Stmt:  2 sql: update EOP set Nd=ARRAY_CONCAT(Nd,@Nd),ASZ=ASZ+@ASZ,XF=ARRAY_CONCAT(XF,@XF),Id=ARRAY_CONCAT(Id,@Id) where PKey = @PKey and SortK = @SortK
DB: 2021/09/14 22:57:53.232402 [Hkx7jMJuRf+3KBSbx14Lug==]Params:  map[string]interface {}{"ASZ":1, "Id":[]int{1}, "Nd":[][]uint8{[]uint8{0x1e, 0x4c, 0x7b, 0x8c, 0xc2, 0x6e, 0x45, 0xff, 0xb7, 0x28, 0x14, 0x9b, 0xc7, 0x5e, 0xb, 0xba}}, "PKey":[]uint8{0x1e, 0x4c, 0x7b, 0x8c, 0xc2, 0x6e, 0x45, 0xff, 0xb7, 0x28, 0x14, 0x9b, 0xc7, 0x5e, 0xb, 0xba}, "SortK":"A#G#:A#G#:A", "XF":[]int64{0}}
DB: 2021/09/14 22:57:53.232405 [Hkx7jMJuRf+3KBSbx14Lug==]Stmt:  3 sql: update EOP set LS=ARRAY_CONCAT(LS,@LS),XBl=ARRAY_CONCAT(XBl,@XBl) where PKey = @PKey and SortK = @SortK
DB: 2021/09/14 22:57:53.232412 [Hkx7jMJuRf+3KBSbx14Lug==]Params:  map[string]interface {}{"LS":[]string{"Peter Bull"}, "PKey":[]uint8{0x1e, 0x4c, 0x7b, 0x8c, 0xc2, 0x6e, 0x45, 0xff, 0xb7, 0x28, 0x14, 0x9b, 0xc7, 0x5e, 0xb, 0xba}, "SortK":"A#G#:A#G#:A#:N", "XBl":[]bool{false}}
DB: 2021/09/14 22:57:53.232425 [Hkx7jMJuRf+3KBSbx14Lug==]Stmt:  4 sql: update EOP set Nd=ARRAY_CONCAT(Nd,@Nd),ASZ=ASZ+@ASZ,XF=ARRAY_CONCAT(XF,@XF),Id=ARRAY_CONCAT(Id,@Id) where PKey = @PKey and SortK = @SortK
DB: 2021/09/14 22:57:53.232436 [Hkx7jMJuRf+3KBSbx14Lug==]Params:  map[string]interface {}{"ASZ":1, "Id":[]int{1}, "Nd":[][]uint8{[]uint8{0xf9, 0x5c, 0x5, 0x2b, 0x51, 0xfc, 0x48, 0x5, 0x9c, 0xb5, 0xd, 0x94, 0xb7, 0xb2, 0x77, 0x3a}}, "PKey":[]uint8{0x1e, 0x4c, 0x7b, 0x8c, 0xc2, 0x6e, 0x45, 0xff, 0xb7, 0x28, 0x14, 0x9b, 0xc7, 0x5e, 0xb, 0xba}, "SortK":"A#G#:A#G#:F", "XF":[]int64{0}}
DB: 2021/09/14 22:57:53.232438 [Hkx7jMJuRf+3KBSbx14Lug==]Stmt:  5 sql: update EOP set LS=ARRAY_CONCAT(LS,@LS),XBl=ARRAY_CONCAT(XBl,@XBl) where PKey = @PKey and SortK = @SortK
DB: 2021/09/14 22:57:53.232447 [Hkx7jMJuRf+3KBSbx14Lug==]Params:  map[string]interface {}{"LS":[]string{"Dr. Strangelove or: How I Learned to Stop Worrying and Love the Bomb"}, "PKey":[]uint8{0x1e, 0x4c, 0x7b, 0x8c, 0xc2, 0x6e, 0x45, 0xff, 0xb7, 0x28, 0x14, 0x9b, 0xc7, 0x5e, 0xb, 0xba}, "SortK":"A#G#:A#G#:F#:N", "XBl":[]bool{false}}
DB: 2021/09/14 22:57:53.232449 [Hkx7jMJuRf+3KBSbx14Lug==]Stmt:  6 sql: update EOP set LS=ARRAY_CONCAT(LS,@LS),XBl=ARRAY_CONCAT(XBl,@XBl) where PKey = @PKey and SortK = @SortK
DB: 2021/09/14 22:57:53.232461 [Hkx7jMJuRf+3KBSbx14Lug==]Params:  map[string]interface {}{"LS":[]string{"1964-01-29T00:00:00Z"}, "PKey":[]uint8{0x1e, 0x4c, 0x7b, 0x8c, 0xc2, 0x6e, 0x45, 0xff, 0xb7, 0x28, 0x14, 0x9b, 0xc7, 0x5e, 0xb, 0xba}, "SortK":"A#G#:A#G#:F#:R", "XBl":[]bool{false}}
DB: 2021/09/14 22:57:53.232463 [Hkx7jMJuRf+3KBSbx14Lug==]Stmt:  7 sql: update EOP set LI=ARRAY_CONCAT(LI,@LI),XBl=ARRAY_CONCAT(XBl,@XBl) where PKey = @PKey and SortK = @SortK
DB: 2021/09/14 22:57:53.232470 [Hkx7jMJuRf+3KBSbx14Lug==]Params:  map[string]interface {}{"LI":[]int64{0}, "PKey":[]uint8{0x1e, 0x4c, 0x7b, 0x8c, 0xc2, 0x6e, 0x45, 0xff, 0xb7, 0x28, 0x14, 0x9b, 0xc7, 0x5e, 0xb, 0xba}, "SortK":"A#G#:A#G#:F#:Nf", "XBl":[]bool{true}}
DB: 2021/09/14 22:57:53.232472 [Hkx7jMJuRf+3KBSbx14Lug==]Stmt:  8 sql: update EOP set LF=ARRAY_CONCAT(LF,@LF),XBl=ARRAY_CONCAT(XBl,@XBl) where PKey = @PKey and SortK = @SortK
DB: 2021/09/14 22:57:53.232479 [Hkx7jMJuRf+3KBSbx14Lug==]Params:  map[string]interface {}{"LF":[]float64{0}, "PKey":[]uint8{0x1e, 0x4c, 0x7b, 0x8c, 0xc2, 0x6e, 0x45, 0xff, 0xb7, 0x28, 0x14, 0x9b, 0xc7, 0x5e, 0xb, 0xba}, "SortK":"A#G#:A#G#:F#:Rv", "XBl":[]bool{true}}
DB: 2021/09/14 22:57:53.232481 [Hkx7jMJuRf+3KBSbx14Lug==]Stmt:  9 sql: update Block set IX=@IX where PKey = @PKey
DB: 2021/09/14 22:57:53.232487 [Hkx7jMJuRf+3KBSbx14Lug==]Params:  map[string]interface {}{"IX":"Y", "PKey":[]uint8{0x1e, 0x4c, 0x7b, 0x8c, 0xc2, 0x6e, 0x45, 0xff, 0xb7, 0x28, 0x14, 0x9b, 0xc7, 0x5e, 0xb, 0xba}}
DB: 2021/09/14 22:57:53.347245 BatchUpdate: Elapsed: 114.711011ms, Stmts: 10  [0 0 0 0 0 0 0 0 0 1]  MergeRetry: 10
DB: 2021/09/14 22:57:53.446593 BatchUpdate: Elapsed: 99.236821ms, Stmts: 9  [1 1 1 1 1 1 1 1 1]  MergeRetry: 0
DB: 2021/09/14 22:57:53.459629 FetchNode: MPiBR6F7TpSuvRBlgbP2tA== subKey: A#G#  Elapsed - Query: 33.84µs  Fetch: 11.2298ms  Overall: 11.29721ms  RowCount: 2 3
DB: 2021/09/14 22:57:53.471330 FetchNode: pAto04RwSD2WEz9nRPhKbA== subKey: A#G#  Elapsed - Query: 23.31µs  Fetch: 11.37855ms  Overall: 11.40457ms  RowCount: 9 10
DB: 2021/09/14 22:57:53.487433 Tag  MPiBR6F7TpSuvRBlgbP2tA==   Mutations: 10
DB: 2021/09/14 22:57:53.487462 [MPiBR6F7TpSuvRBlgbP2tA==]Stmt:  0 sql: update EOP set Nd=ARRAY_CONCAT(Nd,@Nd),ASZ=ASZ+@ASZ,XF=ARRAY_CONCAT(XF,@XF),Id=ARRAY_CONCAT(Id,@Id) where PKey = @PKey and SortK = @SortK
DB: 2021/09/14 22:57:53.487478 [MPiBR6F7TpSuvRBlgbP2tA==]Params:  map[string]interface {}{"ASZ":1, "Id":[]int{1}, "Nd":[][]uint8{[]uint8{0x20, 0x33, 0xaa, 0x2d, 0xfe, 0xa8, 0x4b, 0x4, 0xba, 0xc7, 0xb0, 0xde, 0xf6, 0xc3, 0xfc, 0xe9}}, "PKey":[]uint8{0x30, 0xf8, 0x81, 0x47, 0xa1, 0x7b, 0x4e, 0x94, 0xae, 0xbd, 0x10, 0x65, 0x81, 0xb3, 0xf6, 0xb4}, "SortK":"A#G#:A#G#:C", "XF":[]int64{0}}
DB: 2021/09/14 22:57:53.487480 [MPiBR6F7TpSuvRBlgbP2tA==]Stmt:  1 sql: update EOP set LS=ARRAY_CONCAT(LS,@LS),XBl=ARRAY_CONCAT(XBl,@XBl) where PKey = @PKey and SortK = @SortK
DB: 2021/09/14 22:57:53.487498 [MPiBR6F7TpSuvRBlgbP2tA==]Params:  map[string]interface {}{"LS":[]string{"Anders"}, "PKey":[]uint8{0x30, 0xf8, 0x81, 0x47, 0xa1, 0x7b, 0x4e, 0x94, 0xae, 0xbd, 0x10, 0x65, 0x81, 0xb3, 0xf6, 0xb4}, "SortK":"A#G#:A#G#:C#:N", "XBl":[]bool{false}}
DB: 2021/09/14 22:57:53.487501 [MPiBR6F7TpSuvRBlgbP2tA==]Stmt:  2 sql: update EOP set Nd=ARRAY_CONCAT(Nd,@Nd),ASZ=ASZ+@ASZ,XF=ARRAY_CONCAT(XF,@XF),Id=ARRAY_CONCAT(Id,@Id) where PKey = @PKey and SortK = @SortK
DB: 2021/09/14 22:57:53.487511 [MPiBR6F7TpSuvRBlgbP2tA==]Params:  map[string]interface {}{"ASZ":1, "Id":[]int{1}, "Nd":[][]uint8{[]uint8{0x30, 0xf8, 0x81, 0x47, 0xa1, 0x7b, 0x4e, 0x94, 0xae, 0xbd, 0x10, 0x65, 0x81, 0xb3, 0xf6, 0xb4}}, "PKey":[]uint8{0x30, 0xf8, 0x81, 0x47, 0xa1, 0x7b, 0x4e, 0x94, 0xae, 0xbd, 0x10, 0x65, 0x81, 0xb3, 0xf6, 0xb4}, "SortK":"A#G#:A#G#:A", "XF":[]int64{0}}
DB: 2021/09/14 22:57:53.487513 [MPiBR6F7TpSuvRBlgbP2tA==]Stmt:  3 sql: update EOP set LS=ARRAY_CONCAT(LS,@LS),XBl=ARRAY_CONCAT(XBl,@XBl) where PKey = @PKey and SortK = @SortK
DB: 2021/09/14 22:57:53.487520 [MPiBR6F7TpSuvRBlgbP2tA==]Params:  map[string]interface {}{"LS":[]string{"Patrick Malahide"}, "PKey":[]uint8{0x30, 0xf8, 0x81, 0x47, 0xa1, 0x7b, 0x4e, 0x94, 0xae, 0xbd, 0x10, 0x65, 0x81, 0xb3, 0xf6, 0xb4}, "SortK":"A#G#:A#G#:A#:N", "XBl":[]bool{false}}
DB: 2021/09/14 22:57:53.487522 [MPiBR6F7TpSuvRBlgbP2tA==]Stmt:  4 sql: update EOP set Nd=ARRAY_CONCAT(Nd,@Nd),ASZ=ASZ+@ASZ,XF=ARRAY_CONCAT(XF,@XF),Id=ARRAY_CONCAT(Id,@Id) where PKey = @PKey and SortK = @SortK
DB: 2021/09/14 22:57:53.487531 [MPiBR6F7TpSuvRBlgbP2tA==]Params:  map[string]interface {}{"ASZ":1, "Id":[]int{1}, "Nd":[][]uint8{[]uint8{0xf7, 0xb8, 0x7a, 0x28, 0x11, 0x5, 0x4c, 0xb2, 0x88, 0x84, 0x58, 0x6, 0x69, 0xaf, 0xe3, 0x6a}}, "PKey":[]uint8{0x30, 0xf8, 0x81, 0x47, 0xa1, 0x7b, 0x4e, 0x94, 0xae, 0xbd, 0x10, 0x65, 0x81, 0xb3, 0xf6, 0xb4}, "SortK":"A#G#:A#G#:F", "XF":[]int64{0}}
DB: 2021/09/14 22:57:53.487534 [MPiBR6F7TpSuvRBlgbP2tA==]Stmt:  5 sql: update EOP set LS=ARRAY_CONCAT(LS,@LS),XBl=ARRAY_CONCAT(XBl,@XBl) where PKey = @PKey and SortK = @SortK
DB: 2021/09/14 22:57:53.487541 [MPiBR6F7TpSuvRBlgbP2tA==]Params:  map[string]interface {}{"LS":[]string{"Friends and Crocodiles"}, "PKey":[]uint8{0x30, 0xf8, 0x81, 0x47, 0xa1, 0x7b, 0x4e, 0x94, 0xae, 0xbd, 0x10, 0x65, 0x81, 0xb3, 0xf6, 0xb4}, "SortK":"A#G#:A#G#:F#:N", "XBl":[]bool{false}}
DB: 2021/09/14 22:57:53.487543 [MPiBR6F7TpSuvRBlgbP2tA==]Stmt:  6 sql: update EOP set LS=ARRAY_CONCAT(LS,@LS),XBl=ARRAY_CONCAT(XBl,@XBl) where PKey = @PKey and SortK = @SortK
DB: 2021/09/14 22:57:53.487550 [MPiBR6F7TpSuvRBlgbP2tA==]Params:  map[string]interface {}{"LS":[]string{"2005-08-28T00:00:00Z"}, "PKey":[]uint8{0x30, 0xf8, 0x81, 0x47, 0xa1, 0x7b, 0x4e, 0x94, 0xae, 0xbd, 0x10, 0x65, 0x81, 0xb3, 0xf6, 0xb4}, "SortK":"A#G#:A#G#:F#:R", "XBl":[]bool{false}}
DB: 2021/09/14 22:57:53.487552 [MPiBR6F7TpSuvRBlgbP2tA==]Stmt:  7 sql: update EOP set LI=ARRAY_CONCAT(LI,@LI),XBl=ARRAY_CONCAT(XBl,@XBl) where PKey = @PKey and SortK = @SortK
DB: 2021/09/14 22:57:53.487561 [MPiBR6F7TpSuvRBlgbP2tA==]Params:  map[string]interface {}{"LI":[]int64{0}, "PKey":[]uint8{0x30, 0xf8, 0x81, 0x47, 0xa1, 0x7b, 0x4e, 0x94, 0xae, 0xbd, 0x10, 0x65, 0x81, 0xb3, 0xf6, 0xb4}, "SortK":"A#G#:A#G#:F#:Nf", "XBl":[]bool{true}}
DB: 2021/09/14 22:57:53.487564 [MPiBR6F7TpSuvRBlgbP2tA==]Stmt:  8 sql: update EOP set LF=ARRAY_CONCAT(LF,@LF),XBl=ARRAY_CONCAT(XBl,@XBl) where PKey = @PKey and SortK = @SortK
DB: 2021/09/14 22:57:53.487570 [MPiBR6F7TpSuvRBlgbP2tA==]Params:  map[string]interface {}{"LF":[]float64{0}, "PKey":[]uint8{0x30, 0xf8, 0x81, 0x47, 0xa1, 0x7b, 0x4e, 0x94, 0xae, 0xbd, 0x10, 0x65, 0x81, 0xb3, 0xf6, 0xb4}, "SortK":"A#G#:A#G#:F#:Rv", "XBl":[]bool{true}}
DB: 2021/09/14 22:57:53.487573 [MPiBR6F7TpSuvRBlgbP2tA==]Stmt:  9 sql: update Block set IX=@IX where PKey = @PKey
DB: 2021/09/14 22:57:53.487578 [MPiBR6F7TpSuvRBlgbP2tA==]Params:  map[string]interface {}{"IX":"Y", "PKey":[]uint8{0x30, 0xf8, 0x81, 0x47, 0xa1, 0x7b, 0x4e, 0x94, 0xae, 0xbd, 0x10, 0x65, 0x81, 0xb3, 0xf6, 0xb4}}
DB: 2021/09/14 22:57:53.602946 BatchUpdate: Elapsed: 115.329111ms, Stmts: 10  [0 0 0 0 0 0 0 0 0 1]  MergeRetry: 10
DB: 2021/09/14 22:57:53.705943 BatchUpdate: Elapsed: 102.959031ms, Stmts: 9  [1 1 1 1 1 1 1 1 1]  MergeRetry: 0
DB: 2021/09/14 22:57:53.718888 FetchNode: Qnalsj1wTQusWkDygS40rg== subKey: A#G#  Elapsed - Query: 27.56µs  Fetch: 12.1517ms  Overall: 12.19659ms  RowCount: 2 3
DB: 2021/09/14 22:57:53.719004 Tag  Qnalsj1wTQusWkDygS40rg==   Mutations: 1
DB: 2021/09/14 22:57:53.719011 [Qnalsj1wTQusWkDygS40rg==]Stmt:  0 sql: update Block set IX=@IX where PKey = @PKey
DB: 2021/09/14 22:57:53.719025 [Qnalsj1wTQusWkDygS40rg==]Params:  map[string]interface {}{"IX":"Y", "PKey":[]uint8{0x42, 0x76, 0xa5, 0xb2, 0x3d, 0x70, 0x4d, 0xb, 0xac, 0x5a, 0x40, 0xf2, 0x81, 0x2e, 0x34, 0xae}}
DB: 2021/09/14 22:57:53.723218 BatchUpdate: Elapsed: 4.15975ms, Stmts: 1  [1]  MergeRetry: 0
DB: 2021/09/14 22:57:53.735202 FetchNode: VzV6LULwTkyFtEwx/Cglpw== subKey: A#G#  Elapsed - Query: 50.68µs  Fetch: 11.26008ms  Overall: 11.32898ms  RowCount: 2 3
DB: 2021/09/14 22:57:53.735300 Tag  VzV6LULwTkyFtEwx/Cglpw==   Mutations: 1
DB: 2021/09/14 22:57:53.735311 [VzV6LULwTkyFtEwx/Cglpw==]Stmt:  0 sql: update Block set IX=@IX where PKey = @PKey
DB: 2021/09/14 22:57:53.735328 [VzV6LULwTkyFtEwx/Cglpw==]Params:  map[string]interface {}{"IX":"Y", "PKey":[]uint8{0x57, 0x35, 0x7a, 0x2d, 0x42, 0xf0, 0x4e, 0x4c, 0x85, 0xb4, 0x4c, 0x31, 0xfc, 0x28, 0x25, 0xa7}}
DB: 2021/09/14 22:57:53.739107 BatchUpdate: Elapsed: 3.7442ms, Stmts: 1  [1]  MergeRetry: 0
DB: 2021/09/14 22:57:53.750280 FetchNode: YV1wL8WaTVW1lwOQqY8iqw== subKey: A#G#  Elapsed - Query: 26.12µs  Fetch: 10.62544ms  Overall: 10.66526ms  RowCount: 2 3
DB: 2021/09/14 22:57:53.761054 FetchNode: hLGJzZMZQm65VIsLxFoyiA== subKey: A#G#  Elapsed - Query: 28.22µs  Fetch: 10.67217ms  Overall: 10.70203ms  RowCount: 9 10
DB: 2021/09/14 22:57:53.781718 Tag  YV1wL8WaTVW1lwOQqY8iqw==   Mutations: 10
DB: 2021/09/14 22:57:53.781747 [YV1wL8WaTVW1lwOQqY8iqw==]Stmt:  0 sql: update EOP set Nd=ARRAY_CONCAT(Nd,@Nd),ASZ=ASZ+@ASZ,XF=ARRAY_CONCAT(XF,@XF),Id=ARRAY_CONCAT(Id,@Id) where PKey = @PKey and SortK = @SortK
DB: 2021/09/14 22:57:53.781771 [YV1wL8WaTVW1lwOQqY8iqw==]Params:  map[string]interface {}{"ASZ":1, "Id":[]int{1}, "Nd":[][]uint8{[]uint8{0x80, 0xf3, 0xd4, 0x26, 0xea, 0xb7, 0x4f, 0x1a, 0xbe, 0x85, 0xb5, 0x13, 0x4, 0xc5, 0x4d, 0xf9}}, "PKey":[]uint8{0x61, 0x5d, 0x70, 0x2f, 0xc5, 0x9a, 0x4d, 0x55, 0xb5, 0x97, 0x3, 0x90, 0xa9, 0x8f, 0x22, 0xab}, "SortK":"A#G#:A#G#:C", "XF":[]int64{0}}
DB: 2021/09/14 22:57:53.781774 [YV1wL8WaTVW1lwOQqY8iqw==]Stmt:  1 sql: update EOP set LS=ARRAY_CONCAT(LS,@LS),XBl=ARRAY_CONCAT(XBl,@XBl) where PKey = @PKey and SortK = @SortK
DB: 2021/09/14 22:57:53.781802 [YV1wL8WaTVW1lwOQqY8iqw==]Params:  map[string]interface {}{"LS":[]string{"Gen. 'Buck' Turgidson"}, "PKey":[]uint8{0x61, 0x5d, 0x70, 0x2f, 0xc5, 0x9a, 0x4d, 0x55, 0xb5, 0x97, 0x3, 0x90, 0xa9, 0x8f, 0x22, 0xab}, "SortK":"A#G#:A#G#:C#:N", "XBl":[]bool{false}}
DB: 2021/09/14 22:57:53.781807 [YV1wL8WaTVW1lwOQqY8iqw==]Stmt:  2 sql: update EOP set Nd=ARRAY_CONCAT(Nd,@Nd),ASZ=ASZ+@ASZ,XF=ARRAY_CONCAT(XF,@XF),Id=ARRAY_CONCAT(Id,@Id) where PKey = @PKey and SortK = @SortK
DB: 2021/09/14 22:57:53.781821 [YV1wL8WaTVW1lwOQqY8iqw==]Params:  map[string]interface {}{"ASZ":1, "Id":[]int{1}, "Nd":[][]uint8{[]uint8{0x61, 0x5d, 0x70, 0x2f, 0xc5, 0x9a, 0x4d, 0x55, 0xb5, 0x97, 0x3, 0x90, 0xa9, 0x8f, 0x22, 0xab}}, "PKey":[]uint8{0x61, 0x5d, 0x70, 0x2f, 0xc5, 0x9a, 0x4d, 0x55, 0xb5, 0x97, 0x3, 0x90, 0xa9, 0x8f, 0x22, 0xab}, "SortK":"A#G#:A#G#:A", "XF":[]int64{0}}
DB: 2021/09/14 22:57:53.781825 [YV1wL8WaTVW1lwOQqY8iqw==]Stmt:  3 sql: update EOP set LS=ARRAY_CONCAT(LS,@LS),XBl=ARRAY_CONCAT(XBl,@XBl) where PKey = @PKey and SortK = @SortK
DB: 2021/09/14 22:57:53.781835 [YV1wL8WaTVW1lwOQqY8iqw==]Params:  map[string]interface {}{"LS":[]string{"George C. Scott"}, "PKey":[]uint8{0x61, 0x5d, 0x70, 0x2f, 0xc5, 0x9a, 0x4d, 0x55, 0xb5, 0x97, 0x3, 0x90, 0xa9, 0x8f, 0x22, 0xab}, "SortK":"A#G#:A#G#:A#:N", "XBl":[]bool{false}}
DB: 2021/09/14 22:57:53.781850 [YV1wL8WaTVW1lwOQqY8iqw==]Stmt:  4 sql: update EOP set Nd=ARRAY_CONCAT(Nd,@Nd),ASZ=ASZ+@ASZ,XF=ARRAY_CONCAT(XF,@XF),Id=ARRAY_CONCAT(Id,@Id) where PKey = @PKey and SortK = @SortK
DB: 2021/09/14 22:57:53.781869 [YV1wL8WaTVW1lwOQqY8iqw==]Params:  map[string]interface {}{"ASZ":1, "Id":[]int{1}, "Nd":[][]uint8{[]uint8{0xf9, 0x5c, 0x5, 0x2b, 0x51, 0xfc, 0x48, 0x5, 0x9c, 0xb5, 0xd, 0x94, 0xb7, 0xb2, 0x77, 0x3a}}, "PKey":[]uint8{0x61, 0x5d, 0x70, 0x2f, 0xc5, 0x9a, 0x4d, 0x55, 0xb5, 0x97, 0x3, 0x90, 0xa9, 0x8f, 0x22, 0xab}, "SortK":"A#G#:A#G#:F", "XF":[]int64{0}}
DB: 2021/09/14 22:57:53.781875 [YV1wL8WaTVW1lwOQqY8iqw==]Stmt:  5 sql: update EOP set LS=ARRAY_CONCAT(LS,@LS),XBl=ARRAY_CONCAT(XBl,@XBl) where PKey = @PKey and SortK = @SortK
DB: 2021/09/14 22:57:53.781889 [YV1wL8WaTVW1lwOQqY8iqw==]Params:  map[string]interface {}{"LS":[]string{"Dr. Strangelove or: How I Learned to Stop Worrying and Love the Bomb"}, "PKey":[]uint8{0x61, 0x5d, 0x70, 0x2f, 0xc5, 0x9a, 0x4d, 0x55, 0xb5, 0x97, 0x3, 0x90, 0xa9, 0x8f, 0x22, 0xab}, "SortK":"A#G#:A#G#:F#:N", "XBl":[]bool{false}}
DB: 2021/09/14 22:57:53.781893 [YV1wL8WaTVW1lwOQqY8iqw==]Stmt:  6 sql: update EOP set LS=ARRAY_CONCAT(LS,@LS),XBl=ARRAY_CONCAT(XBl,@XBl) where PKey = @PKey and SortK = @SortK
DB: 2021/09/14 22:57:53.781903 [YV1wL8WaTVW1lwOQqY8iqw==]Params:  map[string]interface {}{"LS":[]string{"1964-01-29T00:00:00Z"}, "PKey":[]uint8{0x61, 0x5d, 0x70, 0x2f, 0xc5, 0x9a, 0x4d, 0x55, 0xb5, 0x97, 0x3, 0x90, 0xa9, 0x8f, 0x22, 0xab}, "SortK":"A#G#:A#G#:F#:R", "XBl":[]bool{false}}
DB: 2021/09/14 22:57:53.781906 [YV1wL8WaTVW1lwOQqY8iqw==]Stmt:  7 sql: update EOP set LI=ARRAY_CONCAT(LI,@LI),XBl=ARRAY_CONCAT(XBl,@XBl) where PKey = @PKey and SortK = @SortK
DB: 2021/09/14 22:57:53.781917 [YV1wL8WaTVW1lwOQqY8iqw==]Params:  map[string]interface {}{"LI":[]int64{0}, "PKey":[]uint8{0x61, 0x5d, 0x70, 0x2f, 0xc5, 0x9a, 0x4d, 0x55, 0xb5, 0x97, 0x3, 0x90, 0xa9, 0x8f, 0x22, 0xab}, "SortK":"A#G#:A#G#:F#:Nf", "XBl":[]bool{true}}
DB: 2021/09/14 22:57:53.781920 [YV1wL8WaTVW1lwOQqY8iqw==]Stmt:  8 sql: update EOP set LF=ARRAY_CONCAT(LF,@LF),XBl=ARRAY_CONCAT(XBl,@XBl) where PKey = @PKey and SortK = @SortK
DB: 2021/09/14 22:57:53.781930 [YV1wL8WaTVW1lwOQqY8iqw==]Params:  map[string]interface {}{"LF":[]float64{0}, "PKey":[]uint8{0x61, 0x5d, 0x70, 0x2f, 0xc5, 0x9a, 0x4d, 0x55, 0xb5, 0x97, 0x3, 0x90, 0xa9, 0x8f, 0x22, 0xab}, "SortK":"A#G#:A#G#:F#:Rv", "XBl":[]bool{true}}
DB: 2021/09/14 22:57:53.781933 [YV1wL8WaTVW1lwOQqY8iqw==]Stmt:  9 sql: update Block set IX=@IX where PKey = @PKey
DB: 2021/09/14 22:57:53.781942 [YV1wL8WaTVW1lwOQqY8iqw==]Params:  map[string]interface {}{"IX":"Y", "PKey":[]uint8{0x61, 0x5d, 0x70, 0x2f, 0xc5, 0x9a, 0x4d, 0x55, 0xb5, 0x97, 0x3, 0x90, 0xa9, 0x8f, 0x22, 0xab}}
DB: 2021/09/14 22:57:53.898158 BatchUpdate: Elapsed: 116.16869ms, Stmts: 10  [0 0 0 0 0 0 0 0 0 1]  MergeRetry: 10
DB: 2021/09/14 22:57:54.001493 BatchUpdate: Elapsed: 103.297061ms, Stmts: 9  [1 1 1 1 1 1 1 1 1]  MergeRetry: 0
DB: 2021/09/14 22:57:54.012262 FetchNode: df4euM03SFyWiSaLek+JsQ== subKey: A#G#  Elapsed - Query: 28.86µs  Fetch: 9.81927ms  Overall: 9.86182ms  RowCount: 2 3
DB: 2021/09/14 22:57:54.012315 Tag  df4euM03SFyWiSaLek+JsQ==   Mutations: 1
DB: 2021/09/14 22:57:54.012321 [df4euM03SFyWiSaLek+JsQ==]Stmt:  0 sql: update Block set IX=@IX where PKey = @PKey
DB: 2021/09/14 22:57:54.012338 [df4euM03SFyWiSaLek+JsQ==]Params:  map[string]interface {}{"IX":"Y", "PKey":[]uint8{0x75, 0xfe, 0x1e, 0xb8, 0xcd, 0x37, 0x48, 0x5c, 0x96, 0x89, 0x26, 0x8b, 0x7a, 0x4f, 0x89, 0xb1}}
DB: 2021/09/14 22:57:54.016104 BatchUpdate: Elapsed: 3.73361ms, Stmts: 1  [1]  MergeRetry: 0
DB: 2021/09/14 22:57:54.034996 FetchNode: eVpbVFOyRmefVpKhlJwtCg== subKey: A#G#  Elapsed - Query: 50.54µs  Fetch: 18.18092ms  Overall: 18.24717ms  RowCount: 2 3
DB: 2021/09/14 22:57:54.035098 Tag  eVpbVFOyRmefVpKhlJwtCg==   Mutations: 1
DB: 2021/09/14 22:57:54.035106 [eVpbVFOyRmefVpKhlJwtCg==]Stmt:  0 sql: update Block set IX=@IX where PKey = @PKey
DB: 2021/09/14 22:57:54.035145 [eVpbVFOyRmefVpKhlJwtCg==]Params:  map[string]interface {}{"IX":"Y", "PKey":[]uint8{0x79, 0x5a, 0x5b, 0x54, 0x53, 0xb2, 0x46, 0x67, 0x9f, 0x56, 0x92, 0xa1, 0x94, 0x9c, 0x2d, 0xa}}
DB: 2021/09/14 22:57:54.039460 BatchUpdate: Elapsed: 4.26151ms, Stmts: 1  [1]  MergeRetry: 0
DB: 2021/09/14 22:57:54.052596 FetchNode: lJDjfPKtTc2fPDyF6drUzg== subKey: A#G#  Elapsed - Query: 36.09µs  Fetch: 12.34977ms  Overall: 12.42211ms  RowCount: 2 3
DB: 2021/09/14 22:57:54.052689 Tag  lJDjfPKtTc2fPDyF6drUzg==   Mutations: 1
DB: 2021/09/14 22:57:54.052697 [lJDjfPKtTc2fPDyF6drUzg==]Stmt:  0 sql: update Block set IX=@IX where PKey = @PKey
DB: 2021/09/14 22:57:54.052714 [lJDjfPKtTc2fPDyF6drUzg==]Params:  map[string]interface {}{"IX":"Y", "PKey":[]uint8{0x94, 0x90, 0xe3, 0x7c, 0xf2, 0xad, 0x4d, 0xcd, 0x9f, 0x3c, 0x3c, 0x85, 0xe9, 0xda, 0xd4, 0xce}}
DB: 2021/09/14 22:57:54.056493 BatchUpdate: Elapsed: 3.745089ms, Stmts: 1  [1]  MergeRetry: 0
DB: 2021/09/14 22:57:54.067625 FetchNode: o3ck2+fbSO2ZW9YH42nLJQ== subKey: A#G#  Elapsed - Query: 29.36µs  Fetch: 10.45654ms  Overall: 10.5017ms  RowCount: 2 3
DB: 2021/09/14 22:57:54.067720 Tag  o3ck2+fbSO2ZW9YH42nLJQ==   Mutations: 1
DB: 2021/09/14 22:57:54.067730 [o3ck2+fbSO2ZW9YH42nLJQ==]Stmt:  0 sql: update Block set IX=@IX where PKey = @PKey
DB: 2021/09/14 22:57:54.067749 [o3ck2+fbSO2ZW9YH42nLJQ==]Params:  map[string]interface {}{"IX":"Y", "PKey":[]uint8{0xa3, 0x77, 0x24, 0xdb, 0xe7, 0xdb, 0x48, 0xed, 0x99, 0x5b, 0xd6, 0x7, 0xe3, 0x69, 0xcb, 0x25}}
DB: 2021/09/14 22:57:54.070888 BatchUpdate: Elapsed: 3.111831ms, Stmts: 1  [1]  MergeRetry: 0
DB: 2021/09/14 22:57:54.081952 FetchNode: BkG/s/pJR12TMA0AzP5ahw== subKey: A#G#  Elapsed - Query: 24.38µs  Fetch: 10.31782ms  Overall: 10.355949ms  RowCount: 2 3
DB: 2021/09/14 22:57:54.082128 Tag  BkG/s/pJR12TMA0AzP5ahw==   Mutations: 1
DB: 2021/09/14 22:57:54.082140 [BkG/s/pJR12TMA0AzP5ahw==]Stmt:  0 sql: update Block set IX=@IX where PKey = @PKey
DB: 2021/09/14 22:57:54.082163 [BkG/s/pJR12TMA0AzP5ahw==]Params:  map[string]interface {}{"IX":"Y", "PKey":[]uint8{0x6, 0x41, 0xbf, 0xb3, 0xfa, 0x49, 0x47, 0x5d, 0x93, 0x30, 0xd, 0x0, 0xcc, 0xfe, 0x5a, 0x87}}
DB: 2021/09/14 22:57:54.086475 BatchUpdate: Elapsed: 4.27672ms, Stmts: 1  [1]  MergeRetry: 0
DB: 2021/09/14 22:57:54.098272 FetchNode: HZz3gj+PR7CtrExz4+fjDQ== subKey: A#G#  Elapsed - Query: 39.7µs  Fetch: 11.19401ms  Overall: 11.24814ms  RowCount: 2 3
DB: 2021/09/14 22:57:54.112066 FetchNode: 2H86ugOUTyG6CsmWutKwHg== subKey: A#G#  Elapsed - Query: 24.44µs  Fetch: 13.67168ms  Overall: 13.69765ms  RowCount: 9 10
DB: 2021/09/14 22:57:54.159872 FetchNode: ooxiJoo+Sxmqj0rYDiimiQ== subKey: A#G#  Elapsed - Query: 73.51µs  Fetch: 12.06012ms  Overall: 12.13642ms  RowCount: 9 10
DB: 2021/09/14 22:57:54.198935 FetchNode: NItIqBMRR0uJFNVCndWIzQ== subKey: A#G#  Elapsed - Query: 76.17µs  Fetch: 11.43361ms  Overall: 11.51356ms  RowCount: 9 10
DB: 2021/09/14 22:57:54.219826 Tag  HZz3gj+PR7CtrExz4+fjDQ==   Mutations: 28
DB: 2021/09/14 22:57:54.219874 [HZz3gj+PR7CtrExz4+fjDQ==]Stmt:  0 sql: update EOP set Nd=ARRAY_CONCAT(Nd,@Nd),ASZ=ASZ+@ASZ,XF=ARRAY_CONCAT(XF,@XF),Id=ARRAY_CONCAT(Id,@Id) where PKey = @PKey and SortK = @SortK
DB: 2021/09/14 22:57:54.219898 [HZz3gj+PR7CtrExz4+fjDQ==]Params:  map[string]interface {}{"ASZ":1, "Id":[]int{1}, "Nd":[][]uint8{[]uint8{0x86, 0x17, 0xee, 0x48, 0x68, 0xe2, 0x43, 0xd2, 0xbc, 0xd2, 0x43, 0x30, 0x72, 0x1d, 0x3b, 0xb1}}, "PKey":[]uint8{0x1d, 0x9c, 0xf7, 0x82, 0x3f, 0x8f, 0x47, 0xb0, 0xad, 0xac, 0x4c, 0x73, 0xe3, 0xe7, 0xe3, 0xd}, "SortK":"A#G#:A#G#:C", "XF":[]int64{0}}
DB: 2021/09/14 22:57:54.219903 [HZz3gj+PR7CtrExz4+fjDQ==]Stmt:  1 sql: update EOP set LS=ARRAY_CONCAT(LS,@LS),XBl=ARRAY_CONCAT(XBl,@XBl) where PKey = @PKey and SortK = @SortK
DB: 2021/09/14 22:57:54.219916 [HZz3gj+PR7CtrExz4+fjDQ==]Params:  map[string]interface {}{"LS":[]string{"President Merkin Muffley"}, "PKey":[]uint8{0x1d, 0x9c, 0xf7, 0x82, 0x3f, 0x8f, 0x47, 0xb0, 0xad, 0xac, 0x4c, 0x73, 0xe3, 0xe7, 0xe3, 0xd}, "SortK":"A#G#:A#G#:C#:N", "XBl":[]bool{false}}
DB: 2021/09/14 22:57:54.219921 [HZz3gj+PR7CtrExz4+fjDQ==]Stmt:  2 sql: update EOP set Nd=ARRAY_CONCAT(Nd,@Nd),ASZ=ASZ+@ASZ,XF=ARRAY_CONCAT(XF,@XF),Id=ARRAY_CONCAT(Id,@Id) where PKey = @PKey and SortK = @SortK
DB: 2021/09/14 22:57:54.219951 [HZz3gj+PR7CtrExz4+fjDQ==]Params:  map[string]interface {}{"ASZ":1, "Id":[]int{1}, "Nd":[][]uint8{[]uint8{0x1d, 0x9c, 0xf7, 0x82, 0x3f, 0x8f, 0x47, 0xb0, 0xad, 0xac, 0x4c, 0x73, 0xe3, 0xe7, 0xe3, 0xd}}, "PKey":[]uint8{0x1d, 0x9c, 0xf7, 0x82, 0x3f, 0x8f, 0x47, 0xb0, 0xad, 0xac, 0x4c, 0x73, 0xe3, 0xe7, 0xe3, 0xd}, "SortK":"A#G#:A#G#:A", "XF":[]int64{0}}
DB: 2021/09/14 22:57:54.219955 [HZz3gj+PR7CtrExz4+fjDQ==]Stmt:  3 sql: update EOP set LS=ARRAY_CONCAT(LS,@LS),XBl=ARRAY_CONCAT(XBl,@XBl) where PKey = @PKey and SortK = @SortK
DB: 2021/09/14 22:57:54.219967 [HZz3gj+PR7CtrExz4+fjDQ==]Params:  map[string]interface {}{"LS":[]string{"Peter Sellers"}, "PKey":[]uint8{0x1d, 0x9c, 0xf7, 0x82, 0x3f, 0x8f, 0x47, 0xb0, 0xad, 0xac, 0x4c, 0x73, 0xe3, 0xe7, 0xe3, 0xd}, "SortK":"A#G#:A#G#:A#:N", "XBl":[]bool{false}}
DB: 2021/09/14 22:57:54.219971 [HZz3gj+PR7CtrExz4+fjDQ==]Stmt:  4 sql: update EOP set Nd=ARRAY_CONCAT(Nd,@Nd),ASZ=ASZ+@ASZ,XF=ARRAY_CONCAT(XF,@XF),Id=ARRAY_CONCAT(Id,@Id) where PKey = @PKey and SortK = @SortK
DB: 2021/09/14 22:57:54.219986 [HZz3gj+PR7CtrExz4+fjDQ==]Params:  map[string]interface {}{"ASZ":1, "Id":[]int{1}, "Nd":[][]uint8{[]uint8{0xf9, 0x5c, 0x5, 0x2b, 0x51, 0xfc, 0x48, 0x5, 0x9c, 0xb5, 0xd, 0x94, 0xb7, 0xb2, 0x77, 0x3a}}, "PKey":[]uint8{0x1d, 0x9c, 0xf7, 0x82, 0x3f, 0x8f, 0x47, 0xb0, 0xad, 0xac, 0x4c, 0x73, 0xe3, 0xe7, 0xe3, 0xd}, "SortK":"A#G#:A#G#:F", "XF":[]int64{0}}
DB: 2021/09/14 22:57:54.219990 [HZz3gj+PR7CtrExz4+fjDQ==]Stmt:  5 sql: update EOP set LS=ARRAY_CONCAT(LS,@LS),XBl=ARRAY_CONCAT(XBl,@XBl) where PKey = @PKey and SortK = @SortK
DB: 2021/09/14 22:57:54.220004 [HZz3gj+PR7CtrExz4+fjDQ==]Params:  map[string]interface {}{"LS":[]string{"Dr. Strangelove or: How I Learned to Stop Worrying and Love the Bomb"}, "PKey":[]uint8{0x1d, 0x9c, 0xf7, 0x82, 0x3f, 0x8f, 0x47, 0xb0, 0xad, 0xac, 0x4c, 0x73, 0xe3, 0xe7, 0xe3, 0xd}, "SortK":"A#G#:A#G#:F#:N", "XBl":[]bool{false}}
DB: 2021/09/14 22:57:54.220008 [HZz3gj+PR7CtrExz4+fjDQ==]Stmt:  6 sql: update EOP set LS=ARRAY_CONCAT(LS,@LS),XBl=ARRAY_CONCAT(XBl,@XBl) where PKey = @PKey and SortK = @SortK
DB: 2021/09/14 22:57:54.220021 [HZz3gj+PR7CtrExz4+fjDQ==]Params:  map[string]interface {}{"LS":[]string{"1964-01-29T00:00:00Z"}, "PKey":[]uint8{0x1d, 0x9c, 0xf7, 0x82, 0x3f, 0x8f, 0x47, 0xb0, 0xad, 0xac, 0x4c, 0x73, 0xe3, 0xe7, 0xe3, 0xd}, "SortK":"A#G#:A#G#:F#:R", "XBl":[]bool{false}}
DB: 2021/09/14 22:57:54.220025 [HZz3gj+PR7CtrExz4+fjDQ==]Stmt:  7 sql: update EOP set LI=ARRAY_CONCAT(LI,@LI),XBl=ARRAY_CONCAT(XBl,@XBl) where PKey = @PKey and SortK = @SortK
DB: 2021/09/14 22:57:54.220043 [HZz3gj+PR7CtrExz4+fjDQ==]Params:  map[string]interface {}{"LI":[]int64{0}, "PKey":[]uint8{0x1d, 0x9c, 0xf7, 0x82, 0x3f, 0x8f, 0x47, 0xb0, 0xad, 0xac, 0x4c, 0x73, 0xe3, 0xe7, 0xe3, 0xd}, "SortK":"A#G#:A#G#:F#:Nf", "XBl":[]bool{true}}
DB: 2021/09/14 22:57:54.220047 [HZz3gj+PR7CtrExz4+fjDQ==]Stmt:  8 sql: update EOP set LF=ARRAY_CONCAT(LF,@LF),XBl=ARRAY_CONCAT(XBl,@XBl) where PKey = @PKey and SortK = @SortK
DB: 2021/09/14 22:57:54.220066 [HZz3gj+PR7CtrExz4+fjDQ==]Params:  map[string]interface {}{"LF":[]float64{0}, "PKey":[]uint8{0x1d, 0x9c, 0xf7, 0x82, 0x3f, 0x8f, 0x47, 0xb0, 0xad, 0xac, 0x4c, 0x73, 0xe3, 0xe7, 0xe3, 0xd}, "SortK":"A#G#:A#G#:F#:Rv", "XBl":[]bool{true}}
DB: 2021/09/14 22:57:54.220071 [HZz3gj+PR7CtrExz4+fjDQ==]Stmt:  9 sql: update EOP set Nd=ARRAY_CONCAT(Nd,@Nd),ASZ=ASZ+@ASZ,XF=ARRAY_CONCAT(XF,@XF),Id=ARRAY_CONCAT(Id,@Id) where PKey = @PKey and SortK = @SortK
DB: 2021/09/14 22:57:54.220087 [HZz3gj+PR7CtrExz4+fjDQ==]Params:  map[string]interface {}{"ASZ":1, "Id":[]int{1}, "Nd":[][]uint8{[]uint8{0x3d, 0x15, 0x15, 0xd2, 0x21, 0x42, 0x42, 0x70, 0x9c, 0x63, 0xba, 0xdd, 0x70, 0x24, 0xcb, 0x2c}}, "PKey":[]uint8{0x1d, 0x9c, 0xf7, 0x82, 0x3f, 0x8f, 0x47, 0xb0, 0xad, 0xac, 0x4c, 0x73, 0xe3, 0xe7, 0xe3, 0xd}, "SortK":"A#G#:A#G#:C", "XF":[]int64{0}}
DB: 2021/09/14 22:57:54.220092 [HZz3gj+PR7CtrExz4+fjDQ==]Stmt:  10 sql: update EOP set LS=ARRAY_CONCAT(LS,@LS),XBl=ARRAY_CONCAT(XBl,@XBl) where PKey = @PKey and SortK = @SortK
DB: 2021/09/14 22:57:54.220109 [HZz3gj+PR7CtrExz4+fjDQ==]Params:  map[string]interface {}{"LS":[]string{"Group Captain Lionel Mandrake"}, "PKey":[]uint8{0x1d, 0x9c, 0xf7, 0x82, 0x3f, 0x8f, 0x47, 0xb0, 0xad, 0xac, 0x4c, 0x73, 0xe3, 0xe7, 0xe3, 0xd}, "SortK":"A#G#:A#G#:C#:N", "XBl":[]bool{false}}
DB: 2021/09/14 22:57:54.220113 [HZz3gj+PR7CtrExz4+fjDQ==]Stmt:  11 sql: update EOP set Nd=ARRAY_CONCAT(Nd,@Nd),ASZ=ASZ+@ASZ,XF=ARRAY_CONCAT(XF,@XF),Id=ARRAY_CONCAT(Id,@Id) where PKey = @PKey and SortK = @SortK
DB: 2021/09/14 22:57:54.220130 [HZz3gj+PR7CtrExz4+fjDQ==]Params:  map[string]interface {}{"ASZ":1, "Id":[]int{1}, "Nd":[][]uint8{[]uint8{0x1d, 0x9c, 0xf7, 0x82, 0x3f, 0x8f, 0x47, 0xb0, 0xad, 0xac, 0x4c, 0x73, 0xe3, 0xe7, 0xe3, 0xd}}, "PKey":[]uint8{0x1d, 0x9c, 0xf7, 0x82, 0x3f, 0x8f, 0x47, 0xb0, 0xad, 0xac, 0x4c, 0x73, 0xe3, 0xe7, 0xe3, 0xd}, "SortK":"A#G#:A#G#:A", "XF":[]int64{0}}
DB: 2021/09/14 22:57:54.220134 [HZz3gj+PR7CtrExz4+fjDQ==]Stmt:  12 sql: update EOP set LS=ARRAY_CONCAT(LS,@LS),XBl=ARRAY_CONCAT(XBl,@XBl) where PKey = @PKey and SortK = @SortK
DB: 2021/09/14 22:57:54.220147 [HZz3gj+PR7CtrExz4+fjDQ==]Params:  map[string]interface {}{"LS":[]string{"Peter Sellers"}, "PKey":[]uint8{0x1d, 0x9c, 0xf7, 0x82, 0x3f, 0x8f, 0x47, 0xb0, 0xad, 0xac, 0x4c, 0x73, 0xe3, 0xe7, 0xe3, 0xd}, "SortK":"A#G#:A#G#:A#:N", "XBl":[]bool{false}}
DB: 2021/09/14 22:57:54.220151 [HZz3gj+PR7CtrExz4+fjDQ==]Stmt:  13 sql: update EOP set Nd=ARRAY_CONCAT(Nd,@Nd),ASZ=ASZ+@ASZ,XF=ARRAY_CONCAT(XF,@XF),Id=ARRAY_CONCAT(Id,@Id) where PKey = @PKey and SortK = @SortK
DB: 2021/09/14 22:57:54.220168 [HZz3gj+PR7CtrExz4+fjDQ==]Params:  map[string]interface {}{"ASZ":1, "Id":[]int{1}, "Nd":[][]uint8{[]uint8{0xf9, 0x5c, 0x5, 0x2b, 0x51, 0xfc, 0x48, 0x5, 0x9c, 0xb5, 0xd, 0x94, 0xb7, 0xb2, 0x77, 0x3a}}, "PKey":[]uint8{0x1d, 0x9c, 0xf7, 0x82, 0x3f, 0x8f, 0x47, 0xb0, 0xad, 0xac, 0x4c, 0x73, 0xe3, 0xe7, 0xe3, 0xd}, "SortK":"A#G#:A#G#:F", "XF":[]int64{0}}
DB: 2021/09/14 22:57:54.220173 [HZz3gj+PR7CtrExz4+fjDQ==]Stmt:  14 sql: update EOP set LS=ARRAY_CONCAT(LS,@LS),XBl=ARRAY_CONCAT(XBl,@XBl) where PKey = @PKey and SortK = @SortK
DB: 2021/09/14 22:57:54.220187 [HZz3gj+PR7CtrExz4+fjDQ==]Params:  map[string]interface {}{"LS":[]string{"Dr. Strangelove or: How I Learned to Stop Worrying and Love the Bomb"}, "PKey":[]uint8{0x1d, 0x9c, 0xf7, 0x82, 0x3f, 0x8f, 0x47, 0xb0, 0xad, 0xac, 0x4c, 0x73, 0xe3, 0xe7, 0xe3, 0xd}, "SortK":"A#G#:A#G#:F#:N", "XBl":[]bool{false}}
DB: 2021/09/14 22:57:54.220190 [HZz3gj+PR7CtrExz4+fjDQ==]Stmt:  15 sql: update EOP set LS=ARRAY_CONCAT(LS,@LS),XBl=ARRAY_CONCAT(XBl,@XBl) where PKey = @PKey and SortK = @SortK
DB: 2021/09/14 22:57:54.220202 [HZz3gj+PR7CtrExz4+fjDQ==]Params:  map[string]interface {}{"LS":[]string{"1964-01-29T00:00:00Z"}, "PKey":[]uint8{0x1d, 0x9c, 0xf7, 0x82, 0x3f, 0x8f, 0x47, 0xb0, 0xad, 0xac, 0x4c, 0x73, 0xe3, 0xe7, 0xe3, 0xd}, "SortK":"A#G#:A#G#:F#:R", "XBl":[]bool{false}}
DB: 2021/09/14 22:57:54.220205 [HZz3gj+PR7CtrExz4+fjDQ==]Stmt:  16 sql: update EOP set LI=ARRAY_CONCAT(LI,@LI),XBl=ARRAY_CONCAT(XBl,@XBl) where PKey = @PKey and SortK = @SortK
DB: 2021/09/14 22:57:54.220216 [HZz3gj+PR7CtrExz4+fjDQ==]Params:  map[string]interface {}{"LI":[]int64{0}, "PKey":[]uint8{0x1d, 0x9c, 0xf7, 0x82, 0x3f, 0x8f, 0x47, 0xb0, 0xad, 0xac, 0x4c, 0x73, 0xe3, 0xe7, 0xe3, 0xd}, "SortK":"A#G#:A#G#:F#:Nf", "XBl":[]bool{true}}
DB: 2021/09/14 22:57:54.220220 [HZz3gj+PR7CtrExz4+fjDQ==]Stmt:  17 sql: update EOP set LF=ARRAY_CONCAT(LF,@LF),XBl=ARRAY_CONCAT(XBl,@XBl) where PKey = @PKey and SortK = @SortK
DB: 2021/09/14 22:57:54.220231 [HZz3gj+PR7CtrExz4+fjDQ==]Params:  map[string]interface {}{"LF":[]float64{0}, "PKey":[]uint8{0x1d, 0x9c, 0xf7, 0x82, 0x3f, 0x8f, 0x47, 0xb0, 0xad, 0xac, 0x4c, 0x73, 0xe3, 0xe7, 0xe3, 0xd}, "SortK":"A#G#:A#G#:F#:Rv", "XBl":[]bool{true}}
DB: 2021/09/14 22:57:54.220235 [HZz3gj+PR7CtrExz4+fjDQ==]Stmt:  18 sql: update EOP set Nd=ARRAY_CONCAT(Nd,@Nd),ASZ=ASZ+@ASZ,XF=ARRAY_CONCAT(XF,@XF),Id=ARRAY_CONCAT(Id,@Id) where PKey = @PKey and SortK = @SortK
DB: 2021/09/14 22:57:54.220253 [HZz3gj+PR7CtrExz4+fjDQ==]Params:  map[string]interface {}{"ASZ":1, "Id":[]int{1}, "Nd":[][]uint8{[]uint8{0x98, 0x40, 0xd5, 0xfa, 0x1b, 0x37, 0x41, 0x9b, 0x91, 0x97, 0x2c, 0x47, 0xcc, 0x9a, 0x7b, 0xd7}}, "PKey":[]uint8{0x1d, 0x9c, 0xf7, 0x82, 0x3f, 0x8f, 0x47, 0xb0, 0xad, 0xac, 0x4c, 0x73, 0xe3, 0xe7, 0xe3, 0xd}, "SortK":"A#G#:A#G#:C", "XF":[]int64{0}}
DB: 2021/09/14 22:57:54.220263 [HZz3gj+PR7CtrExz4+fjDQ==]Stmt:  19 sql: update EOP set LS=ARRAY_CONCAT(LS,@LS),XBl=ARRAY_CONCAT(XBl,@XBl) where PKey = @PKey and SortK = @SortK
DB: 2021/09/14 22:57:54.220276 [HZz3gj+PR7CtrExz4+fjDQ==]Params:  map[string]interface {}{"LS":[]string{"Dr. Strangelove"}, "PKey":[]uint8{0x1d, 0x9c, 0xf7, 0x82, 0x3f, 0x8f, 0x47, 0xb0, 0xad, 0xac, 0x4c, 0x73, 0xe3, 0xe7, 0xe3, 0xd}, "SortK":"A#G#:A#G#:C#:N", "XBl":[]bool{false}}
DB: 2021/09/14 22:57:54.220280 [HZz3gj+PR7CtrExz4+fjDQ==]Stmt:  20 sql: update EOP set Nd=ARRAY_CONCAT(Nd,@Nd),ASZ=ASZ+@ASZ,XF=ARRAY_CONCAT(XF,@XF),Id=ARRAY_CONCAT(Id,@Id) where PKey = @PKey and SortK = @SortK
DB: 2021/09/14 22:57:54.220298 [HZz3gj+PR7CtrExz4+fjDQ==]Params:  map[string]interface {}{"ASZ":1, "Id":[]int{1}, "Nd":[][]uint8{[]uint8{0x1d, 0x9c, 0xf7, 0x82, 0x3f, 0x8f, 0x47, 0xb0, 0xad, 0xac, 0x4c, 0x73, 0xe3, 0xe7, 0xe3, 0xd}}, "PKey":[]uint8{0x1d, 0x9c, 0xf7, 0x82, 0x3f, 0x8f, 0x47, 0xb0, 0xad, 0xac, 0x4c, 0x73, 0xe3, 0xe7, 0xe3, 0xd}, "SortK":"A#G#:A#G#:A", "XF":[]int64{0}}
DB: 2021/09/14 22:57:54.220302 [HZz3gj+PR7CtrExz4+fjDQ==]Stmt:  21 sql: update EOP set LS=ARRAY_CONCAT(LS,@LS),XBl=ARRAY_CONCAT(XBl,@XBl) where PKey = @PKey and SortK = @SortK
DB: 2021/09/14 22:57:54.220312 [HZz3gj+PR7CtrExz4+fjDQ==]Params:  map[string]interface {}{"LS":[]string{"Peter Sellers"}, "PKey":[]uint8{0x1d, 0x9c, 0xf7, 0x82, 0x3f, 0x8f, 0x47, 0xb0, 0xad, 0xac, 0x4c, 0x73, 0xe3, 0xe7, 0xe3, 0xd}, "SortK":"A#G#:A#G#:A#:N", "XBl":[]bool{false}}
DB: 2021/09/14 22:57:54.220315 [HZz3gj+PR7CtrExz4+fjDQ==]Stmt:  22 sql: update EOP set Nd=ARRAY_CONCAT(Nd,@Nd),ASZ=ASZ+@ASZ,XF=ARRAY_CONCAT(XF,@XF),Id=ARRAY_CONCAT(Id,@Id) where PKey = @PKey and SortK = @SortK
DB: 2021/09/14 22:57:54.220332 [HZz3gj+PR7CtrExz4+fjDQ==]Params:  map[string]interface {}{"ASZ":1, "Id":[]int{1}, "Nd":[][]uint8{[]uint8{0xf9, 0x5c, 0x5, 0x2b, 0x51, 0xfc, 0x48, 0x5, 0x9c, 0xb5, 0xd, 0x94, 0xb7, 0xb2, 0x77, 0x3a}}, "PKey":[]uint8{0x1d, 0x9c, 0xf7, 0x82, 0x3f, 0x8f, 0x47, 0xb0, 0xad, 0xac, 0x4c, 0x73, 0xe3, 0xe7, 0xe3, 0xd}, "SortK":"A#G#:A#G#:F", "XF":[]int64{0}}
DB: 2021/09/14 22:57:54.220336 [HZz3gj+PR7CtrExz4+fjDQ==]Stmt:  23 sql: update EOP set LS=ARRAY_CONCAT(LS,@LS),XBl=ARRAY_CONCAT(XBl,@XBl) where PKey = @PKey and SortK = @SortK
DB: 2021/09/14 22:57:54.220350 [HZz3gj+PR7CtrExz4+fjDQ==]Params:  map[string]interface {}{"LS":[]string{"Dr. Strangelove or: How I Learned to Stop Worrying and Love the Bomb"}, "PKey":[]uint8{0x1d, 0x9c, 0xf7, 0x82, 0x3f, 0x8f, 0x47, 0xb0, 0xad, 0xac, 0x4c, 0x73, 0xe3, 0xe7, 0xe3, 0xd}, "SortK":"A#G#:A#G#:F#:N", "XBl":[]bool{false}}
DB: 2021/09/14 22:57:54.220355 [HZz3gj+PR7CtrExz4+fjDQ==]Stmt:  24 sql: update EOP set LS=ARRAY_CONCAT(LS,@LS),XBl=ARRAY_CONCAT(XBl,@XBl) where PKey = @PKey and SortK = @SortK
DB: 2021/09/14 22:57:54.220368 [HZz3gj+PR7CtrExz4+fjDQ==]Params:  map[string]interface {}{"LS":[]string{"1964-01-29T00:00:00Z"}, "PKey":[]uint8{0x1d, 0x9c, 0xf7, 0x82, 0x3f, 0x8f, 0x47, 0xb0, 0xad, 0xac, 0x4c, 0x73, 0xe3, 0xe7, 0xe3, 0xd}, "SortK":"A#G#:A#G#:F#:R", "XBl":[]bool{false}}
DB: 2021/09/14 22:57:54.220372 [HZz3gj+PR7CtrExz4+fjDQ==]Stmt:  25 sql: update EOP set LI=ARRAY_CONCAT(LI,@LI),XBl=ARRAY_CONCAT(XBl,@XBl) where PKey = @PKey and SortK = @SortK
DB: 2021/09/14 22:57:54.220385 [HZz3gj+PR7CtrExz4+fjDQ==]Params:  map[string]interface {}{"LI":[]int64{0}, "PKey":[]uint8{0x1d, 0x9c, 0xf7, 0x82, 0x3f, 0x8f, 0x47, 0xb0, 0xad, 0xac, 0x4c, 0x73, 0xe3, 0xe7, 0xe3, 0xd}, "SortK":"A#G#:A#G#:F#:Nf", "XBl":[]bool{true}}
DB: 2021/09/14 22:57:54.220389 [HZz3gj+PR7CtrExz4+fjDQ==]Stmt:  26 sql: update EOP set LF=ARRAY_CONCAT(LF,@LF),XBl=ARRAY_CONCAT(XBl,@XBl) where PKey = @PKey and SortK = @SortK
DB: 2021/09/14 22:57:54.220400 [HZz3gj+PR7CtrExz4+fjDQ==]Params:  map[string]interface {}{"LF":[]float64{0}, "PKey":[]uint8{0x1d, 0x9c, 0xf7, 0x82, 0x3f, 0x8f, 0x47, 0xb0, 0xad, 0xac, 0x4c, 0x73, 0xe3, 0xe7, 0xe3, 0xd}, "SortK":"A#G#:A#G#:F#:Rv", "XBl":[]bool{true}}
DB: 2021/09/14 22:57:54.220408 [HZz3gj+PR7CtrExz4+fjDQ==]Stmt:  27 sql: update Block set IX=@IX where PKey = @PKey
DB: 2021/09/14 22:57:54.220419 [HZz3gj+PR7CtrExz4+fjDQ==]Params:  map[string]interface {}{"IX":"Y", "PKey":[]uint8{0x1d, 0x9c, 0xf7, 0x82, 0x3f, 0x8f, 0x47, 0xb0, 0xad, 0xac, 0x4c, 0x73, 0xe3, 0xe7, 0xe3, 0xd}}
DB: 2021/09/14 22:57:54.512079 BatchUpdate: Elapsed: 291.607482ms, Stmts: 28  [0 0 0 0 0 0 0 0 0 0 0 0 0 0 0 0 0 0 0 0 0 0 0 0 0 0 0 1]  MergeRetry: 28
